[debug] [2024-11-27T16:58:29.947Z] ----------------------------------------------------------------------
[debug] [2024-11-27T16:58:29.949Z] Command:       C:\Program Files\nodejs\node.exe C:\Users\GojoDev\AppData\Roaming\npm\node_modules\firebase-tools\lib\bin\firebase.js deploy --only functions
[debug] [2024-11-27T16:58:29.950Z] CLI Version:   13.27.0
[debug] [2024-11-27T16:58:29.950Z] Platform:      win32
[debug] [2024-11-27T16:58:29.950Z] Node Version:  v20.13.1
[debug] [2024-11-27T16:58:29.950Z] Time:          Wed Nov 27 2024 16:58:29 GMT+0000 (Greenwich Mean Time)
[debug] [2024-11-27T16:58:29.950Z] ----------------------------------------------------------------------
[debug] 
[debug] [2024-11-27T16:58:30.009Z] > command requires scopes: ["email","openid","https://www.googleapis.com/auth/cloudplatformprojects.readonly","https://www.googleapis.com/auth/firebase","https://www.googleapis.com/auth/cloud-platform"]
[debug] [2024-11-27T16:58:30.009Z] > authorizing via signed-in user (eakoledoye@gmail.com)
[debug] [2024-11-27T16:58:30.009Z] [iam] checking project sports-arena-39a32 for permissions ["cloudfunctions.functions.create","cloudfunctions.functions.delete","cloudfunctions.functions.get","cloudfunctions.functions.list","cloudfunctions.functions.update","cloudfunctions.operations.get","firebase.projects.get"]
[debug] [2024-11-27T16:58:30.010Z] Checked if tokens are valid: true, expires at: 1732728430856
[debug] [2024-11-27T16:58:30.010Z] Checked if tokens are valid: true, expires at: 1732728430856
[debug] [2024-11-27T16:58:30.010Z] >>> [apiv2][query] POST https://cloudresourcemanager.googleapis.com/v1/projects/sports-arena-39a32:testIamPermissions [none]
[debug] [2024-11-27T16:58:30.011Z] >>> [apiv2][(partial)header] POST https://cloudresourcemanager.googleapis.com/v1/projects/sports-arena-39a32:testIamPermissions x-goog-quota-user=projects/sports-arena-39a32
[debug] [2024-11-27T16:58:30.011Z] >>> [apiv2][body] POST https://cloudresourcemanager.googleapis.com/v1/projects/sports-arena-39a32:testIamPermissions {"permissions":["cloudfunctions.functions.create","cloudfunctions.functions.delete","cloudfunctions.functions.get","cloudfunctions.functions.list","cloudfunctions.functions.update","cloudfunctions.operations.get","firebase.projects.get"]}
[debug] [2024-11-27T16:58:30.279Z] <<< [apiv2][status] POST https://cloudresourcemanager.googleapis.com/v1/projects/sports-arena-39a32:testIamPermissions 200
[debug] [2024-11-27T16:58:30.279Z] <<< [apiv2][body] POST https://cloudresourcemanager.googleapis.com/v1/projects/sports-arena-39a32:testIamPermissions {"permissions":["cloudfunctions.functions.create","cloudfunctions.functions.delete","cloudfunctions.functions.get","cloudfunctions.functions.list","cloudfunctions.functions.update","cloudfunctions.operations.get","firebase.projects.get"]}
[debug] [2024-11-27T16:58:30.279Z] Checked if tokens are valid: true, expires at: 1732728430856
[debug] [2024-11-27T16:58:30.279Z] Checked if tokens are valid: true, expires at: 1732728430856
[debug] [2024-11-27T16:58:30.279Z] >>> [apiv2][query] POST https://iam.googleapis.com/v1/projects/sports-arena-39a32/serviceAccounts/sports-arena-39a32@appspot.gserviceaccount.com:testIamPermissions [none]
[debug] [2024-11-27T16:58:30.279Z] >>> [apiv2][body] POST https://iam.googleapis.com/v1/projects/sports-arena-39a32/serviceAccounts/sports-arena-39a32@appspot.gserviceaccount.com:testIamPermissions {"permissions":["iam.serviceAccounts.actAs"]}
[debug] [2024-11-27T16:58:30.962Z] <<< [apiv2][status] POST https://iam.googleapis.com/v1/projects/sports-arena-39a32/serviceAccounts/sports-arena-39a32@appspot.gserviceaccount.com:testIamPermissions 200
[debug] [2024-11-27T16:58:30.962Z] <<< [apiv2][body] POST https://iam.googleapis.com/v1/projects/sports-arena-39a32/serviceAccounts/sports-arena-39a32@appspot.gserviceaccount.com:testIamPermissions {"permissions":["iam.serviceAccounts.actAs"]}
[info] 
[info] === Deploying to 'sports-arena-39a32'...
[info] 
[info] i  deploying functions 
[debug] [2024-11-27T16:58:30.964Z] Checked if tokens are valid: true, expires at: 1732728430856
[debug] [2024-11-27T16:58:30.964Z] Checked if tokens are valid: true, expires at: 1732728430856
[debug] [2024-11-27T16:58:30.964Z] >>> [apiv2][query] GET https://cloudresourcemanager.googleapis.com/v1/projects/sports-arena-39a32 [none]
[debug] [2024-11-27T16:58:31.145Z] <<< [apiv2][status] GET https://cloudresourcemanager.googleapis.com/v1/projects/sports-arena-39a32 200
[debug] [2024-11-27T16:58:31.145Z] <<< [apiv2][body] GET https://cloudresourcemanager.googleapis.com/v1/projects/sports-arena-39a32 {"projectNumber":"824217457615","projectId":"sports-arena-39a32","lifecycleState":"ACTIVE","name":"Sports Arena","labels":{"firebase":"enabled"},"createTime":"2024-09-18T10:52:26.724500Z"}
[info] i  functions: preparing codebase default for deployment 
[info] i  functions: ensuring required API cloudfunctions.googleapis.com is enabled... 
[debug] [2024-11-27T16:58:31.146Z] Checked if tokens are valid: true, expires at: 1732728430856
[debug] [2024-11-27T16:58:31.146Z] Checked if tokens are valid: true, expires at: 1732728430856
[debug] [2024-11-27T16:58:31.147Z] Checked if tokens are valid: true, expires at: 1732728430856
[debug] [2024-11-27T16:58:31.147Z] Checked if tokens are valid: true, expires at: 1732728430856
[info] i  functions: ensuring required API cloudbuild.googleapis.com is enabled... 
[debug] [2024-11-27T16:58:31.147Z] Checked if tokens are valid: true, expires at: 1732728430856
[debug] [2024-11-27T16:58:31.147Z] Checked if tokens are valid: true, expires at: 1732728430856
[info] i  artifactregistry: ensuring required API artifactregistry.googleapis.com is enabled... 
[debug] [2024-11-27T16:58:31.147Z] Checked if tokens are valid: true, expires at: 1732728430856
[debug] [2024-11-27T16:58:31.147Z] Checked if tokens are valid: true, expires at: 1732728430856
[debug] [2024-11-27T16:58:31.147Z] >>> [apiv2][query] GET https://serviceusage.googleapis.com/v1/projects/sports-arena-39a32/services/cloudfunctions.googleapis.com [none]
[debug] [2024-11-27T16:58:31.147Z] >>> [apiv2][(partial)header] GET https://serviceusage.googleapis.com/v1/projects/sports-arena-39a32/services/cloudfunctions.googleapis.com x-goog-quota-user=projects/sports-arena-39a32
[debug] [2024-11-27T16:58:31.148Z] >>> [apiv2][query] GET https://serviceusage.googleapis.com/v1/projects/sports-arena-39a32/services/runtimeconfig.googleapis.com [none]
[debug] [2024-11-27T16:58:31.148Z] >>> [apiv2][(partial)header] GET https://serviceusage.googleapis.com/v1/projects/sports-arena-39a32/services/runtimeconfig.googleapis.com x-goog-quota-user=projects/sports-arena-39a32
[debug] [2024-11-27T16:58:31.149Z] >>> [apiv2][query] GET https://serviceusage.googleapis.com/v1/projects/sports-arena-39a32/services/cloudbuild.googleapis.com [none]
[debug] [2024-11-27T16:58:31.149Z] >>> [apiv2][(partial)header] GET https://serviceusage.googleapis.com/v1/projects/sports-arena-39a32/services/cloudbuild.googleapis.com x-goog-quota-user=projects/sports-arena-39a32
[debug] [2024-11-27T16:58:31.150Z] >>> [apiv2][query] GET https://serviceusage.googleapis.com/v1/projects/sports-arena-39a32/services/artifactregistry.googleapis.com [none]
[debug] [2024-11-27T16:58:31.150Z] >>> [apiv2][(partial)header] GET https://serviceusage.googleapis.com/v1/projects/sports-arena-39a32/services/artifactregistry.googleapis.com x-goog-quota-user=projects/sports-arena-39a32
[debug] [2024-11-27T16:58:31.985Z] <<< [apiv2][status] GET https://serviceusage.googleapis.com/v1/projects/sports-arena-39a32/services/runtimeconfig.googleapis.com 200
[debug] [2024-11-27T16:58:31.985Z] <<< [apiv2][body] GET https://serviceusage.googleapis.com/v1/projects/sports-arena-39a32/services/runtimeconfig.googleapis.com [omitted]
[debug] [2024-11-27T16:58:31.990Z] <<< [apiv2][status] GET https://serviceusage.googleapis.com/v1/projects/sports-arena-39a32/services/cloudbuild.googleapis.com 200
[debug] [2024-11-27T16:58:31.990Z] <<< [apiv2][body] GET https://serviceusage.googleapis.com/v1/projects/sports-arena-39a32/services/cloudbuild.googleapis.com [omitted]
[info] +  functions: required API cloudbuild.googleapis.com is enabled 
[debug] [2024-11-27T16:58:31.992Z] <<< [apiv2][status] GET https://serviceusage.googleapis.com/v1/projects/sports-arena-39a32/services/cloudfunctions.googleapis.com 200
[debug] [2024-11-27T16:58:31.993Z] <<< [apiv2][body] GET https://serviceusage.googleapis.com/v1/projects/sports-arena-39a32/services/cloudfunctions.googleapis.com [omitted]
[info] +  functions: required API cloudfunctions.googleapis.com is enabled 
[debug] [2024-11-27T16:58:31.996Z] <<< [apiv2][status] GET https://serviceusage.googleapis.com/v1/projects/sports-arena-39a32/services/artifactregistry.googleapis.com 200
[debug] [2024-11-27T16:58:31.996Z] <<< [apiv2][body] GET https://serviceusage.googleapis.com/v1/projects/sports-arena-39a32/services/artifactregistry.googleapis.com [omitted]
[info] +  artifactregistry: required API artifactregistry.googleapis.com is enabled 
[debug] [2024-11-27T16:58:31.997Z] Checked if tokens are valid: true, expires at: 1732728430856
[debug] [2024-11-27T16:58:31.997Z] Checked if tokens are valid: true, expires at: 1732728430856
[debug] [2024-11-27T16:58:31.997Z] >>> [apiv2][query] GET https://firebase.googleapis.com/v1beta1/projects/sports-arena-39a32/adminSdkConfig [none]
[debug] [2024-11-27T16:58:32.554Z] <<< [apiv2][status] GET https://firebase.googleapis.com/v1beta1/projects/sports-arena-39a32/adminSdkConfig 200
[debug] [2024-11-27T16:58:32.554Z] <<< [apiv2][body] GET https://firebase.googleapis.com/v1beta1/projects/sports-arena-39a32/adminSdkConfig {"projectId":"sports-arena-39a32","storageBucket":"sports-arena-39a32.appspot.com","locationId":"europe-west"}
[debug] [2024-11-27T16:58:32.554Z] Checked if tokens are valid: true, expires at: 1732728430856
[debug] [2024-11-27T16:58:32.555Z] Checked if tokens are valid: true, expires at: 1732728430856
[debug] [2024-11-27T16:58:32.555Z] >>> [apiv2][query] GET https://runtimeconfig.googleapis.com/v1beta1/projects/sports-arena-39a32/configs [none]
[debug] [2024-11-27T16:58:32.951Z] <<< [apiv2][status] GET https://runtimeconfig.googleapis.com/v1beta1/projects/sports-arena-39a32/configs 200
[debug] [2024-11-27T16:58:32.951Z] <<< [apiv2][body] GET https://runtimeconfig.googleapis.com/v1beta1/projects/sports-arena-39a32/configs {}
[debug] [2024-11-27T16:58:32.952Z] Validating nodejs source
[warn] !  functions: package.json indicates an outdated version of firebase-functions. Please upgrade using npm install --save firebase-functions@latest in your functions directory. 
[debug] [2024-11-27T16:58:33.760Z] > [functions] package.json contents: {
  "name": "functions",
  "description": "Cloud Functions for Firebase",
  "scripts": {
    "shell": "firebase functions:shell",
    "start": "firebase emulators:start",
    "deploy": "firebase deploy --only functions",
    "logs": "firebase functions:log"
  },
  "engines": {
    "node": "20"
  },
  "main": "index.js",
  "dependencies": {
    "bcrypt": "^5.1.1",
    "cors": "^2.8.5",
    "esbuild": "^0.24.0",
    "firebase": "^11.0.2",
    "firebase-admin": "^12.6.0",
    "firebase-functions": "^6.0.1",
    "firebase-tools": "^1.2.0"
  },
  "devDependencies": {
    "firebase-functions-test": "^3.1.0"
  },
  "private": true
}
[debug] [2024-11-27T16:58:33.760Z] Building nodejs source
[info] i  functions: Loading and analyzing source code for codebase default to determine what to deploy 
[debug] [2024-11-27T16:58:33.761Z] Could not find functions.yaml. Must use http discovery
[debug] [2024-11-27T16:58:33.768Z] Found firebase-functions binary at 'C:\Users\GojoDev\Desktop\Emmanuel K\college stuff\year 3\Agile Prcoess\Sports-Arena\functions\node_modules\.bin\firebase-functions'
[info] Serving at port 8253

[debug] [2024-11-27T16:58:34.216Z] Got response from /__/functions.yaml {"endpoints":{"showDB":{"availableMemoryMb":null,"timeoutSeconds":null,"minInstances":null,"maxInstances":null,"ingressSettings":null,"concurrency":null,"serviceAccountEmail":null,"vpc":null,"platform":"gcfv2","region":["europe-west2"],"labels":{},"httpsTrigger":{},"entryPoint":"showDB"},"verifyUser":{"availableMemoryMb":null,"timeoutSeconds":null,"minInstances":null,"maxInstances":null,"ingressSettings":null,"concurrency":null,"serviceAccountEmail":null,"vpc":null,"platform":"gcfv2","region":["europe-west2"],"labels":{},"httpsTrigger":{},"entryPoint":"verifyUser"},"addUser":{"availableMemoryMb":null,"timeoutSeconds":null,"minInstances":null,"maxInstances":null,"ingressSettings":null,"concurrency":null,"serviceAccountEmail":null,"vpc":null,"platform":"gcfv2","region":["europe-west2"],"labels":{},"httpsTrigger":{},"entryPoint":"addUser"},"updateDetails":{"availableMemoryMb":null,"timeoutSeconds":null,"minInstances":null,"maxInstances":null,"ingressSettings":null,"concurrency":null,"serviceAccountEmail":null,"vpc":null,"platform":"gcfv2","region":["europe-west2"],"labels":{},"httpsTrigger":{},"entryPoint":"updateDetails"},"BMR":{"availableMemoryMb":null,"timeoutSeconds":null,"minInstances":null,"maxInstances":null,"ingressSettings":null,"concurrency":null,"serviceAccountEmail":null,"vpc":null,"platform":"gcfv2","region":["europe-west2"],"labels":{},"httpsTrigger":{},"entryPoint":"BMR"},"dailyCalories":{"availableMemoryMb":null,"timeoutSeconds":null,"minInstances":null,"maxInstances":null,"ingressSettings":null,"concurrency":null,"serviceAccountEmail":null,"vpc":null,"platform":"gcfv2","region":["europe-west2"],"labels":{},"httpsTrigger":{},"entryPoint":"dailyCalories"},"bookingClub":{"availableMemoryMb":null,"timeoutSeconds":null,"minInstances":null,"maxInstances":null,"ingressSettings":null,"concurrency":null,"serviceAccountEmail":null,"vpc":null,"platform":"gcfv2","region":["europe-west2"],"labels":{},"httpsTrigger":{},"entryPoint":"bookingClub"},"bookFacility":{"availableMemoryMb":null,"timeoutSeconds":null,"minInstances":null,"maxInstances":null,"ingressSettings":null,"concurrency":null,"serviceAccountEmail":null,"vpc":null,"platform":"gcfv2","region":["europe-west2"],"labels":{},"httpsTrigger":{},"entryPoint":"bookFacility"},"createFacility":{"availableMemoryMb":null,"timeoutSeconds":null,"minInstances":null,"maxInstances":null,"ingressSettings":null,"concurrency":null,"serviceAccountEmail":null,"vpc":null,"platform":"gcfv2","region":["europe-west2"],"labels":{},"httpsTrigger":{},"entryPoint":"createFacility"},"updateFacility":{"availableMemoryMb":null,"timeoutSeconds":null,"minInstances":null,"maxInstances":null,"ingressSettings":null,"concurrency":null,"serviceAccountEmail":null,"vpc":null,"platform":"gcfv2","region":["europe-west2"],"labels":{},"httpsTrigger":{},"entryPoint":"updateFacility"},"deleteFacility":{"availableMemoryMb":null,"timeoutSeconds":null,"minInstances":null,"maxInstances":null,"ingressSettings":null,"concurrency":null,"serviceAccountEmail":null,"vpc":null,"platform":"gcfv2","region":["europe-west2"],"labels":{},"httpsTrigger":{},"entryPoint":"deleteFacility"},"showAllFacilities":{"availableMemoryMb":null,"timeoutSeconds":null,"minInstances":null,"maxInstances":null,"ingressSettings":null,"concurrency":null,"serviceAccountEmail":null,"vpc":null,"platform":"gcfv2","region":["europe-west2"],"labels":{},"httpsTrigger":{},"entryPoint":"showAllFacilities"},"showAllClubs":{"availableMemoryMb":null,"timeoutSeconds":null,"minInstances":null,"maxInstances":null,"ingressSettings":null,"concurrency":null,"serviceAccountEmail":null,"vpc":null,"platform":"gcfv2","region":["europe-west2"],"labels":{},"httpsTrigger":{},"entryPoint":"showAllClubs"},"createClub":{"availableMemoryMb":null,"timeoutSeconds":null,"minInstances":null,"maxInstances":null,"ingressSettings":null,"concurrency":null,"serviceAccountEmail":null,"vpc":null,"platform":"gcfv2","region":["europe-west2"],"labels":{},"httpsTrigger":{},"entryPoint":"createClub"},"updateClub":{"availableMemoryMb":null,"timeoutSeconds":null,"minInstances":null,"maxInstances":null,"ingressSettings":null,"concurrency":null,"serviceAccountEmail":null,"vpc":null,"platform":"gcfv2","region":["europe-west2"],"labels":{},"httpsTrigger":{},"entryPoint":"updateClub"},"deleteClub":{"availableMemoryMb":null,"timeoutSeconds":null,"minInstances":null,"maxInstances":null,"ingressSettings":null,"concurrency":null,"serviceAccountEmail":null,"vpc":null,"platform":"gcfv2","region":["europe-west2"],"labels":{},"httpsTrigger":{},"entryPoint":"deleteClub"},"currentUser":{"availableMemoryMb":null,"timeoutSeconds":null,"minInstances":null,"maxInstances":null,"ingressSettings":null,"concurrency":null,"serviceAccountEmail":null,"vpc":null,"platform":"gcfv2","region":["europe-west2"],"labels":{},"httpsTrigger":{},"entryPoint":"currentUser"}},"specVersion":"v1alpha1","requiredAPIs":[],"extensions":{}}
[info] i  extensions: ensuring required API firebaseextensions.googleapis.com is enabled... 
[debug] [2024-11-27T16:58:39.248Z] Checked if tokens are valid: true, expires at: 1732728430856
[debug] [2024-11-27T16:58:39.248Z] Checked if tokens are valid: true, expires at: 1732728430856
[debug] [2024-11-27T16:58:39.249Z] >>> [apiv2][query] GET https://serviceusage.googleapis.com/v1/projects/sports-arena-39a32/services/firebaseextensions.googleapis.com [none]
[debug] [2024-11-27T16:58:39.249Z] >>> [apiv2][(partial)header] GET https://serviceusage.googleapis.com/v1/projects/sports-arena-39a32/services/firebaseextensions.googleapis.com x-goog-quota-user=projects/sports-arena-39a32
[debug] [2024-11-27T16:58:40.039Z] <<< [apiv2][status] GET https://serviceusage.googleapis.com/v1/projects/sports-arena-39a32/services/firebaseextensions.googleapis.com 200
[debug] [2024-11-27T16:58:40.039Z] <<< [apiv2][body] GET https://serviceusage.googleapis.com/v1/projects/sports-arena-39a32/services/firebaseextensions.googleapis.com [omitted]
[info] +  extensions: required API firebaseextensions.googleapis.com is enabled 
[debug] [2024-11-27T16:58:40.040Z] > command requires scopes: ["email","openid","https://www.googleapis.com/auth/cloudplatformprojects.readonly","https://www.googleapis.com/auth/firebase","https://www.googleapis.com/auth/cloud-platform"]
[debug] [2024-11-27T16:58:40.040Z] > authorizing via signed-in user (eakoledoye@gmail.com)
[debug] [2024-11-27T16:58:40.040Z] [iam] checking project sports-arena-39a32 for permissions ["firebase.projects.get","firebaseextensions.instances.list"]
[debug] [2024-11-27T16:58:40.040Z] Checked if tokens are valid: true, expires at: 1732728430856
[debug] [2024-11-27T16:58:40.040Z] Checked if tokens are valid: true, expires at: 1732728430856
[debug] [2024-11-27T16:58:40.040Z] >>> [apiv2][query] POST https://cloudresourcemanager.googleapis.com/v1/projects/sports-arena-39a32:testIamPermissions [none]
[debug] [2024-11-27T16:58:40.040Z] >>> [apiv2][(partial)header] POST https://cloudresourcemanager.googleapis.com/v1/projects/sports-arena-39a32:testIamPermissions x-goog-quota-user=projects/sports-arena-39a32
[debug] [2024-11-27T16:58:40.040Z] >>> [apiv2][body] POST https://cloudresourcemanager.googleapis.com/v1/projects/sports-arena-39a32:testIamPermissions {"permissions":["firebase.projects.get","firebaseextensions.instances.list"]}
[debug] [2024-11-27T16:58:40.665Z] <<< [apiv2][status] POST https://cloudresourcemanager.googleapis.com/v1/projects/sports-arena-39a32:testIamPermissions 200
[debug] [2024-11-27T16:58:40.666Z] <<< [apiv2][body] POST https://cloudresourcemanager.googleapis.com/v1/projects/sports-arena-39a32:testIamPermissions {"permissions":["firebase.projects.get","firebaseextensions.instances.list"]}
[debug] [2024-11-27T16:58:40.666Z] Checked if tokens are valid: true, expires at: 1732728430856
[debug] [2024-11-27T16:58:40.666Z] Checked if tokens are valid: true, expires at: 1732728430856
[debug] [2024-11-27T16:58:40.666Z] >>> [apiv2][query] GET https://firebaseextensions.googleapis.com/v1beta/projects/sports-arena-39a32/instances pageSize=100&pageToken=
[debug] [2024-11-27T16:58:41.449Z] <<< [apiv2][status] GET https://firebaseextensions.googleapis.com/v1beta/projects/sports-arena-39a32/instances 200
[debug] [2024-11-27T16:58:41.449Z] <<< [apiv2][body] GET https://firebaseextensions.googleapis.com/v1beta/projects/sports-arena-39a32/instances {}
[info] i  functions: preparing functions directory for uploading... 
[info] i  functions: packaged C:\Users\GojoDev\Desktop\Emmanuel K\college stuff\year 3\Agile Prcoess\Sports-Arena\functions (101.83 KB) for uploading 
[debug] [2024-11-27T16:58:41.485Z] Checked if tokens are valid: true, expires at: 1732728430856
[debug] [2024-11-27T16:58:41.485Z] Checked if tokens are valid: true, expires at: 1732728430856
[debug] [2024-11-27T16:58:41.485Z] >>> [apiv2][query] GET https://cloudfunctions.googleapis.com/v1/projects/sports-arena-39a32/locations/-/functions [none]
[debug] [2024-11-27T16:58:42.095Z] <<< [apiv2][status] GET https://cloudfunctions.googleapis.com/v1/projects/sports-arena-39a32/locations/-/functions 200
[debug] [2024-11-27T16:58:42.095Z] <<< [apiv2][body] GET https://cloudfunctions.googleapis.com/v1/projects/sports-arena-39a32/locations/-/functions {}
[debug] [2024-11-27T16:58:42.095Z] Checked if tokens are valid: true, expires at: 1732728430856
[debug] [2024-11-27T16:58:42.095Z] Checked if tokens are valid: true, expires at: 1732728430856
[debug] [2024-11-27T16:58:42.095Z] >>> [apiv2][query] GET https://cloudfunctions.googleapis.com/v2/projects/sports-arena-39a32/locations/-/functions filter=environment%3D%22GEN_2%22
[debug] [2024-11-27T16:58:43.055Z] <<< [apiv2][status] GET https://cloudfunctions.googleapis.com/v2/projects/sports-arena-39a32/locations/-/functions 200
[debug] [2024-11-27T16:58:43.056Z] <<< [apiv2][body] GET https://cloudfunctions.googleapis.com/v2/projects/sports-arena-39a32/locations/-/functions {"functions":[{"name":"projects/sports-arena-39a32/locations/europe-west2/functions/updateFacility","buildConfig":{"build":"projects/824217457615/locations/europe-west2/builds/2c8e20d3-6777-4895-9a5a-a03defa4b8f7","runtime":"nodejs20","entryPoint":"updateFacility","source":{"storageSource":{"bucket":"gcf-v2-sources-824217457615-europe-west2","object":"updateFacility/function-source.zip","generation":"1732724934148149"}},"environmentVariables":{"GOOGLE_NODE_RUN_SCRIPTS":""},"dockerRepository":"projects/sports-arena-39a32/locations/europe-west2/repositories/gcf-artifacts","sourceProvenance":{"resolvedStorageSource":{"bucket":"gcf-v2-sources-824217457615-europe-west2","object":"updateFacility/function-source.zip","generation":"1732724934148149"}},"dockerRegistry":"ARTIFACT_REGISTRY","serviceAccount":"projects/sports-arena-39a32/serviceAccounts/824217457615-compute@developer.gserviceaccount.com","automaticUpdatePolicy":{}},"serviceConfig":{"service":"projects/sports-arena-39a32/locations/europe-west2/services/updatefacility","timeoutSeconds":60,"environmentVariables":{"FIREBASE_CONFIG":"{\"projectId\":\"sports-arena-39a32\",\"storageBucket\":\"sports-arena-39a32.appspot.com\",\"locationId\":\"europe-west\"}","GCLOUD_PROJECT":"sports-arena-39a32","EVENTARC_CLOUD_EVENT_SOURCE":"projects/sports-arena-39a32/locations/europe-west2/services/updateFacility","FUNCTION_TARGET":"updateFacility","LOG_EXECUTION_ID":"true","FUNCTION_SIGNATURE_TYPE":"http"},"maxInstanceCount":100,"ingressSettings":"ALLOW_ALL","uri":"https://updatefacility-77hki32qna-nw.a.run.app","serviceAccountEmail":"824217457615-compute@developer.gserviceaccount.com","availableMemory":"256Mi","allTrafficOnLatestRevision":true,"revision":"updatefacility-00004-fam","maxInstanceRequestConcurrency":80,"availableCpu":"1"},"state":"ACTIVE","updateTime":"2024-11-27T16:29:02.555027132Z","labels":{"firebase-functions-hash":"95deefd32257c01ded921ebf1a006041dd10f174","deployment-tool":"cli-firebase"},"environment":"GEN_2","url":"https://europe-west2-sports-arena-39a32.cloudfunctions.net/updateFacility","createTime":"2024-11-26T14:35:46.973378106Z"},{"name":"projects/sports-arena-39a32/locations/europe-west2/functions/verifyUser","buildConfig":{"build":"projects/824217457615/locations/europe-west2/builds/2c8e20d3-6777-4895-9a5a-a03defa4b8f7","runtime":"nodejs20","entryPoint":"verifyUser","source":{"storageSource":{"bucket":"gcf-v2-sources-824217457615-europe-west2","object":"verifyUser/function-source.zip","generation":"1732724933865523"}},"environmentVariables":{"GOOGLE_NODE_RUN_SCRIPTS":""},"dockerRepository":"projects/sports-arena-39a32/locations/europe-west2/repositories/gcf-artifacts","sourceProvenance":{"resolvedStorageSource":{"bucket":"gcf-v2-sources-824217457615-europe-west2","object":"verifyUser/function-source.zip","generation":"1732724933865523"}},"dockerRegistry":"ARTIFACT_REGISTRY","serviceAccount":"projects/sports-arena-39a32/serviceAccounts/824217457615-compute@developer.gserviceaccount.com","automaticUpdatePolicy":{}},"serviceConfig":{"service":"projects/sports-arena-39a32/locations/europe-west2/services/verifyuser","timeoutSeconds":60,"environmentVariables":{"FIREBASE_CONFIG":"{\"projectId\":\"sports-arena-39a32\",\"storageBucket\":\"sports-arena-39a32.appspot.com\",\"locationId\":\"europe-west\"}","GCLOUD_PROJECT":"sports-arena-39a32","EVENTARC_CLOUD_EVENT_SOURCE":"projects/sports-arena-39a32/locations/europe-west2/services/verifyUser","FUNCTION_TARGET":"verifyUser","LOG_EXECUTION_ID":"true","FUNCTION_SIGNATURE_TYPE":"http"},"maxInstanceCount":100,"ingressSettings":"ALLOW_ALL","uri":"https://verifyuser-77hki32qna-nw.a.run.app","serviceAccountEmail":"824217457615-compute@developer.gserviceaccount.com","availableMemory":"256Mi","allTrafficOnLatestRevision":true,"revision":"verifyuser-00009-qeg","maxInstanceRequestConcurrency":80,"availableCpu":"1"},"state":"ACTIVE","updateTime":"2024-11-27T16:29:02.493338651Z","labels":{"deployment-tool":"cli-firebase","firebase-functions-hash":"95deefd32257c01ded921ebf1a006041dd10f174"},"environment":"GEN_2","url":"https://europe-west2-sports-arena-39a32.cloudfunctions.net/verifyUser","createTime":"2024-09-26T13:09:24.800524239Z"},{"name":"projects/sports-arena-39a32/locations/europe-west2/functions/createFacility","buildConfig":{"build":"projects/824217457615/locations/europe-west2/builds/2c8e20d3-6777-4895-9a5a-a03defa4b8f7","runtime":"nodejs20","entryPoint":"createFacility","source":{"storageSource":{"bucket":"gcf-v2-sources-824217457615-europe-west2","object":"createFacility/function-source.zip","generation":"1732724933969103"}},"environmentVariables":{"GOOGLE_NODE_RUN_SCRIPTS":""},"dockerRepository":"projects/sports-arena-39a32/locations/europe-west2/repositories/gcf-artifacts","sourceProvenance":{"resolvedStorageSource":{"bucket":"gcf-v2-sources-824217457615-europe-west2","object":"createFacility/function-source.zip","generation":"1732724933969103"}},"dockerRegistry":"ARTIFACT_REGISTRY","serviceAccount":"projects/sports-arena-39a32/serviceAccounts/824217457615-compute@developer.gserviceaccount.com","automaticUpdatePolicy":{}},"serviceConfig":{"service":"projects/sports-arena-39a32/locations/europe-west2/services/createfacility","timeoutSeconds":60,"environmentVariables":{"FIREBASE_CONFIG":"{\"projectId\":\"sports-arena-39a32\",\"storageBucket\":\"sports-arena-39a32.appspot.com\",\"locationId\":\"europe-west\"}","GCLOUD_PROJECT":"sports-arena-39a32","EVENTARC_CLOUD_EVENT_SOURCE":"projects/sports-arena-39a32/locations/europe-west2/services/createFacility","FUNCTION_TARGET":"createFacility","LOG_EXECUTION_ID":"true","FUNCTION_SIGNATURE_TYPE":"http"},"maxInstanceCount":100,"ingressSettings":"ALLOW_ALL","uri":"https://createfacility-77hki32qna-nw.a.run.app","serviceAccountEmail":"824217457615-compute@developer.gserviceaccount.com","availableMemory":"256Mi","allTrafficOnLatestRevision":true,"revision":"createfacility-00004-jov","maxInstanceRequestConcurrency":80,"availableCpu":"1"},"state":"ACTIVE","updateTime":"2024-11-27T16:29:01.629499996Z","labels":{"firebase-functions-hash":"95deefd32257c01ded921ebf1a006041dd10f174","deployment-tool":"cli-firebase"},"environment":"GEN_2","url":"https://europe-west2-sports-arena-39a32.cloudfunctions.net/createFacility","createTime":"2024-11-26T14:35:47.148388739Z"},{"name":"projects/sports-arena-39a32/locations/europe-west2/functions/updateClub","buildConfig":{"build":"projects/824217457615/locations/europe-west2/builds/2c8e20d3-6777-4895-9a5a-a03defa4b8f7","runtime":"nodejs20","entryPoint":"updateClub","source":{"storageSource":{"bucket":"gcf-v2-sources-824217457615-europe-west2","object":"updateClub/function-source.zip","generation":"1732724934032074"}},"environmentVariables":{"GOOGLE_NODE_RUN_SCRIPTS":""},"dockerRepository":"projects/sports-arena-39a32/locations/europe-west2/repositories/gcf-artifacts","sourceProvenance":{"resolvedStorageSource":{"bucket":"gcf-v2-sources-824217457615-europe-west2","object":"updateClub/function-source.zip","generation":"1732724934032074"}},"dockerRegistry":"ARTIFACT_REGISTRY","serviceAccount":"projects/sports-arena-39a32/serviceAccounts/824217457615-compute@developer.gserviceaccount.com","automaticUpdatePolicy":{}},"serviceConfig":{"service":"projects/sports-arena-39a32/locations/europe-west2/services/updateclub","timeoutSeconds":60,"environmentVariables":{"FIREBASE_CONFIG":"{\"projectId\":\"sports-arena-39a32\",\"storageBucket\":\"sports-arena-39a32.appspot.com\",\"locationId\":\"europe-west\"}","GCLOUD_PROJECT":"sports-arena-39a32","EVENTARC_CLOUD_EVENT_SOURCE":"projects/sports-arena-39a32/locations/europe-west2/services/updateClub","FUNCTION_TARGET":"updateClub","LOG_EXECUTION_ID":"true","FUNCTION_SIGNATURE_TYPE":"http"},"maxInstanceCount":100,"ingressSettings":"ALLOW_ALL","uri":"https://updateclub-77hki32qna-nw.a.run.app","serviceAccountEmail":"824217457615-compute@developer.gserviceaccount.com","availableMemory":"256Mi","allTrafficOnLatestRevision":true,"revision":"updateclub-00004-vuv","maxInstanceRequestConcurrency":80,"availableCpu":"1"},"state":"ACTIVE","updateTime":"2024-11-27T16:29:02.892491329Z","labels":{"deployment-tool":"cli-firebase","firebase-functions-hash":"95deefd32257c01ded921ebf1a006041dd10f174"},"environment":"GEN_2","url":"https://europe-west2-sports-arena-39a32.cloudfunctions.net/updateClub","createTime":"2024-11-26T14:35:47.144345441Z"},{"name":"projects/sports-arena-39a32/locations/europe-west2/functions/dailyCalories","buildConfig":{"build":"projects/824217457615/locations/europe-west2/builds/2c8e20d3-6777-4895-9a5a-a03defa4b8f7","runtime":"nodejs20","entryPoint":"dailyCalories","source":{"storageSource":{"bucket":"gcf-v2-sources-824217457615-europe-west2","object":"dailyCalories/function-source.zip","generation":"1732724933942686"}},"environmentVariables":{"GOOGLE_NODE_RUN_SCRIPTS":""},"dockerRepository":"projects/sports-arena-39a32/locations/europe-west2/repositories/gcf-artifacts","sourceProvenance":{"resolvedStorageSource":{"bucket":"gcf-v2-sources-824217457615-europe-west2","object":"dailyCalories/function-source.zip","generation":"1732724933942686"}},"dockerRegistry":"ARTIFACT_REGISTRY","serviceAccount":"projects/sports-arena-39a32/serviceAccounts/824217457615-compute@developer.gserviceaccount.com","automaticUpdatePolicy":{}},"serviceConfig":{"service":"projects/sports-arena-39a32/locations/europe-west2/services/dailycalories","timeoutSeconds":60,"environmentVariables":{"FIREBASE_CONFIG":"{\"projectId\":\"sports-arena-39a32\",\"storageBucket\":\"sports-arena-39a32.appspot.com\",\"locationId\":\"europe-west\"}","GCLOUD_PROJECT":"sports-arena-39a32","EVENTARC_CLOUD_EVENT_SOURCE":"projects/sports-arena-39a32/locations/europe-west2/services/dailyCalories","FUNCTION_TARGET":"dailyCalories","LOG_EXECUTION_ID":"true","FUNCTION_SIGNATURE_TYPE":"http"},"maxInstanceCount":100,"ingressSettings":"ALLOW_ALL","uri":"https://dailycalories-77hki32qna-nw.a.run.app","serviceAccountEmail":"824217457615-compute@developer.gserviceaccount.com","availableMemory":"256Mi","allTrafficOnLatestRevision":true,"revision":"dailycalories-00006-jig","maxInstanceRequestConcurrency":80,"availableCpu":"1"},"state":"ACTIVE","updateTime":"2024-11-27T16:29:01.982085386Z","labels":{"deployment-tool":"cli-firebase","firebase-functions-hash":"95deefd32257c01ded921ebf1a006041dd10f174"},"environment":"GEN_2","url":"https://europe-west2-sports-arena-39a32.cloudfunctions.net/dailyCalories","createTime":"2024-10-31T22:44:12.464344831Z"},{"name":"projects/sports-arena-39a32/locations/europe-west2/functions/createClub","buildConfig":{"build":"projects/824217457615/locations/europe-west2/builds/2c8e20d3-6777-4895-9a5a-a03defa4b8f7","runtime":"nodejs20","entryPoint":"createClub","source":{"storageSource":{"bucket":"gcf-v2-sources-824217457615-europe-west2","object":"createClub/function-source.zip","generation":"1732724934268756"}},"environmentVariables":{"GOOGLE_NODE_RUN_SCRIPTS":""},"dockerRepository":"projects/sports-arena-39a32/locations/europe-west2/repositories/gcf-artifacts","serviceAccount":"projects/sports-arena-39a32/serviceAccounts/824217457615-compute@developer.gserviceaccount.com","automaticUpdatePolicy":{}},"serviceConfig":{"service":"projects/sports-arena-39a32/locations/europe-west2/services/createclub","timeoutSeconds":60,"environmentVariables":{"FIREBASE_CONFIG":"{\"projectId\":\"sports-arena-39a32\",\"storageBucket\":\"sports-arena-39a32.appspot.com\",\"locationId\":\"europe-west\"}","GCLOUD_PROJECT":"sports-arena-39a32","EVENTARC_CLOUD_EVENT_SOURCE":"projects/sports-arena-39a32/locations/europe-west2/services/createClub","FUNCTION_TARGET":"createClub","LOG_EXECUTION_ID":"true","FUNCTION_SIGNATURE_TYPE":"http"},"maxInstanceCount":100,"ingressSettings":"ALLOW_ALL","uri":"https://createclub-77hki32qna-nw.a.run.app","serviceAccountEmail":"824217457615-compute@developer.gserviceaccount.com","availableMemory":"256Mi","allTrafficOnLatestRevision":true,"revision":"createclub-00004-lev","maxInstanceRequestConcurrency":80,"availableCpu":"1"},"state":"ACTIVE","updateTime":"2024-11-27T16:29:01.704624690Z","labels":{"deployment-tool":"cli-firebase","firebase-functions-hash":"95deefd32257c01ded921ebf1a006041dd10f174"},"environment":"GEN_2","url":"https://europe-west2-sports-arena-39a32.cloudfunctions.net/createClub","createTime":"2024-11-26T14:35:47.143556768Z"},{"name":"projects/sports-arena-39a32/locations/europe-west2/functions/updateDetails","buildConfig":{"build":"projects/824217457615/locations/europe-west2/builds/2c8e20d3-6777-4895-9a5a-a03defa4b8f7","runtime":"nodejs20","entryPoint":"updateDetails","source":{"storageSource":{"bucket":"gcf-v2-sources-824217457615-europe-west2","object":"updateDetails/function-source.zip","generation":"1732724933867671"}},"environmentVariables":{"GOOGLE_NODE_RUN_SCRIPTS":""},"dockerRepository":"projects/sports-arena-39a32/locations/europe-west2/repositories/gcf-artifacts","sourceProvenance":{"resolvedStorageSource":{"bucket":"gcf-v2-sources-824217457615-europe-west2","object":"updateDetails/function-source.zip","generation":"1732724933867671"}},"dockerRegistry":"ARTIFACT_REGISTRY","serviceAccount":"projects/sports-arena-39a32/serviceAccounts/824217457615-compute@developer.gserviceaccount.com","automaticUpdatePolicy":{}},"serviceConfig":{"service":"projects/sports-arena-39a32/locations/europe-west2/services/updatedetails","timeoutSeconds":60,"environmentVariables":{"FIREBASE_CONFIG":"{\"projectId\":\"sports-arena-39a32\",\"storageBucket\":\"sports-arena-39a32.appspot.com\",\"locationId\":\"europe-west\"}","GCLOUD_PROJECT":"sports-arena-39a32","EVENTARC_CLOUD_EVENT_SOURCE":"projects/sports-arena-39a32/locations/europe-west2/services/updateDetails","FUNCTION_TARGET":"updateDetails","LOG_EXECUTION_ID":"true","FUNCTION_SIGNATURE_TYPE":"http"},"maxInstanceCount":100,"ingressSettings":"ALLOW_ALL","uri":"https://updatedetails-77hki32qna-nw.a.run.app","serviceAccountEmail":"824217457615-compute@developer.gserviceaccount.com","availableMemory":"256Mi","allTrafficOnLatestRevision":true,"revision":"updatedetails-00006-qec","maxInstanceRequestConcurrency":80,"availableCpu":"1"},"state":"ACTIVE","updateTime":"2024-11-27T16:29:02.196437207Z","labels":{"deployment-tool":"cli-firebase","firebase-functions-hash":"95deefd32257c01ded921ebf1a006041dd10f174"},"environment":"GEN_2","url":"https://europe-west2-sports-arena-39a32.cloudfunctions.net/updateDetails","createTime":"2024-10-31T22:43:14.883370510Z"},{"name":"projects/sports-arena-39a32/locations/europe-west2/functions/deleteFacility","buildConfig":{"build":"projects/824217457615/locations/europe-west2/builds/2c8e20d3-6777-4895-9a5a-a03defa4b8f7","runtime":"nodejs20","entryPoint":"deleteFacility","source":{"storageSource":{"bucket":"gcf-v2-sources-824217457615-europe-west2","object":"deleteFacility/function-source.zip","generation":"1732724934128549"}},"environmentVariables":{"GOOGLE_NODE_RUN_SCRIPTS":""},"dockerRepository":"projects/sports-arena-39a32/locations/europe-west2/repositories/gcf-artifacts","sourceProvenance":{"resolvedStorageSource":{"bucket":"gcf-v2-sources-824217457615-europe-west2","object":"deleteFacility/function-source.zip","generation":"1732724934128549"}},"dockerRegistry":"ARTIFACT_REGISTRY","serviceAccount":"projects/sports-arena-39a32/serviceAccounts/824217457615-compute@developer.gserviceaccount.com","automaticUpdatePolicy":{}},"serviceConfig":{"service":"projects/sports-arena-39a32/locations/europe-west2/services/deletefacility","timeoutSeconds":60,"environmentVariables":{"FIREBASE_CONFIG":"{\"projectId\":\"sports-arena-39a32\",\"storageBucket\":\"sports-arena-39a32.appspot.com\",\"locationId\":\"europe-west\"}","GCLOUD_PROJECT":"sports-arena-39a32","EVENTARC_CLOUD_EVENT_SOURCE":"projects/sports-arena-39a32/locations/europe-west2/services/deleteFacility","FUNCTION_TARGET":"deleteFacility","LOG_EXECUTION_ID":"true","FUNCTION_SIGNATURE_TYPE":"http"},"maxInstanceCount":100,"ingressSettings":"ALLOW_ALL","uri":"https://deletefacility-77hki32qna-nw.a.run.app","serviceAccountEmail":"824217457615-compute@developer.gserviceaccount.com","availableMemory":"256Mi","allTrafficOnLatestRevision":true,"revision":"deletefacility-00004-suj","maxInstanceRequestConcurrency":80,"availableCpu":"1"},"state":"ACTIVE","updateTime":"2024-11-27T16:29:01.988965662Z","labels":{"deployment-tool":"cli-firebase","firebase-functions-hash":"95deefd32257c01ded921ebf1a006041dd10f174"},"environment":"GEN_2","url":"https://europe-west2-sports-arena-39a32.cloudfunctions.net/deleteFacility","createTime":"2024-11-26T14:35:46.956707740Z"},{"name":"projects/sports-arena-39a32/locations/europe-west2/functions/showDB","buildConfig":{"build":"projects/824217457615/locations/europe-west2/builds/2c8e20d3-6777-4895-9a5a-a03defa4b8f7","runtime":"nodejs20","entryPoint":"showDB","source":{"storageSource":{"bucket":"gcf-v2-sources-824217457615-europe-west2","object":"showDB/function-source.zip","generation":"1732724855554176"}},"environmentVariables":{"GOOGLE_NODE_RUN_SCRIPTS":""},"dockerRepository":"projects/sports-arena-39a32/locations/europe-west2/repositories/gcf-artifacts","sourceProvenance":{"resolvedStorageSource":{"bucket":"gcf-v2-sources-824217457615-europe-west2","object":"showDB/function-source.zip","generation":"1732724855554176"}},"dockerRegistry":"ARTIFACT_REGISTRY","serviceAccount":"projects/sports-arena-39a32/serviceAccounts/824217457615-compute@developer.gserviceaccount.com","automaticUpdatePolicy":{}},"serviceConfig":{"service":"projects/sports-arena-39a32/locations/europe-west2/services/showdb","timeoutSeconds":60,"environmentVariables":{"FIREBASE_CONFIG":"{\"projectId\":\"sports-arena-39a32\",\"storageBucket\":\"sports-arena-39a32.appspot.com\",\"locationId\":\"europe-west\"}","GCLOUD_PROJECT":"sports-arena-39a32","EVENTARC_CLOUD_EVENT_SOURCE":"projects/sports-arena-39a32/locations/europe-west2/services/showDB","FUNCTION_TARGET":"showDB","LOG_EXECUTION_ID":"true","FUNCTION_SIGNATURE_TYPE":"http"},"maxInstanceCount":100,"ingressSettings":"ALLOW_ALL","uri":"https://showdb-77hki32qna-nw.a.run.app","serviceAccountEmail":"824217457615-compute@developer.gserviceaccount.com","availableMemory":"256Mi","allTrafficOnLatestRevision":true,"revision":"showdb-00009-tiz","maxInstanceRequestConcurrency":80,"availableCpu":"1"},"state":"ACTIVE","updateTime":"2024-11-27T16:29:00.218756908Z","labels":{"firebase-functions-hash":"95deefd32257c01ded921ebf1a006041dd10f174","deployment-tool":"cli-firebase"},"environment":"GEN_2","url":"https://europe-west2-sports-arena-39a32.cloudfunctions.net/showDB","createTime":"2024-09-26T13:08:17.255163312Z"},{"name":"projects/sports-arena-39a32/locations/europe-west2/functions/addUser","buildConfig":{"build":"projects/824217457615/locations/europe-west2/builds/2c8e20d3-6777-4895-9a5a-a03defa4b8f7","runtime":"nodejs20","entryPoint":"addUser","source":{"storageSource":{"bucket":"gcf-v2-sources-824217457615-europe-west2","object":"addUser/function-source.zip","generation":"1732724934081065"}},"environmentVariables":{"GOOGLE_NODE_RUN_SCRIPTS":""},"dockerRepository":"projects/sports-arena-39a32/locations/europe-west2/repositories/gcf-artifacts","sourceProvenance":{"resolvedStorageSource":{"bucket":"gcf-v2-sources-824217457615-europe-west2","object":"addUser/function-source.zip","generation":"1732724934081065"}},"dockerRegistry":"ARTIFACT_REGISTRY","serviceAccount":"projects/sports-arena-39a32/serviceAccounts/824217457615-compute@developer.gserviceaccount.com","automaticUpdatePolicy":{}},"serviceConfig":{"service":"projects/sports-arena-39a32/locations/europe-west2/services/adduser","timeoutSeconds":60,"environmentVariables":{"FIREBASE_CONFIG":"{\"projectId\":\"sports-arena-39a32\",\"storageBucket\":\"sports-arena-39a32.appspot.com\",\"locationId\":\"europe-west\"}","GCLOUD_PROJECT":"sports-arena-39a32","EVENTARC_CLOUD_EVENT_SOURCE":"projects/sports-arena-39a32/locations/europe-west2/services/addUser","FUNCTION_TARGET":"addUser","LOG_EXECUTION_ID":"true","FUNCTION_SIGNATURE_TYPE":"http"},"maxInstanceCount":100,"ingressSettings":"ALLOW_ALL","uri":"https://adduser-77hki32qna-nw.a.run.app","serviceAccountEmail":"824217457615-compute@developer.gserviceaccount.com","availableMemory":"256Mi","allTrafficOnLatestRevision":true,"revision":"adduser-00007-ket","maxInstanceRequestConcurrency":80,"availableCpu":"1"},"state":"ACTIVE","updateTime":"2024-11-27T16:29:02.365944726Z","labels":{"deployment-tool":"cli-firebase","firebase-functions-hash":"95deefd32257c01ded921ebf1a006041dd10f174"},"environment":"GEN_2","url":"https://europe-west2-sports-arena-39a32.cloudfunctions.net/addUser","createTime":"2024-10-29T16:02:14.852508419Z"},{"name":"projects/sports-arena-39a32/locations/europe-west2/functions/showAllFacilities","buildConfig":{"build":"projects/824217457615/locations/europe-west2/builds/2c8e20d3-6777-4895-9a5a-a03defa4b8f7","runtime":"nodejs20","entryPoint":"showAllFacilities","source":{"storageSource":{"bucket":"gcf-v2-sources-824217457615-europe-west2","object":"showAllFacilities/function-source.zip","generation":"1732724934047413"}},"environmentVariables":{"GOOGLE_NODE_RUN_SCRIPTS":""},"dockerRepository":"projects/sports-arena-39a32/locations/europe-west2/repositories/gcf-artifacts","sourceProvenance":{"resolvedStorageSource":{"bucket":"gcf-v2-sources-824217457615-europe-west2","object":"showAllFacilities/function-source.zip","generation":"1732724934047413"}},"dockerRegistry":"ARTIFACT_REGISTRY","serviceAccount":"projects/sports-arena-39a32/serviceAccounts/824217457615-compute@developer.gserviceaccount.com","automaticUpdatePolicy":{}},"serviceConfig":{"service":"projects/sports-arena-39a32/locations/europe-west2/services/showallfacilities","timeoutSeconds":60,"environmentVariables":{"FIREBASE_CONFIG":"{\"projectId\":\"sports-arena-39a32\",\"storageBucket\":\"sports-arena-39a32.appspot.com\",\"locationId\":\"europe-west\"}","GCLOUD_PROJECT":"sports-arena-39a32","EVENTARC_CLOUD_EVENT_SOURCE":"projects/sports-arena-39a32/locations/europe-west2/services/showAllFacilities","FUNCTION_TARGET":"showAllFacilities","LOG_EXECUTION_ID":"true","FUNCTION_SIGNATURE_TYPE":"http"},"maxInstanceCount":100,"ingressSettings":"ALLOW_ALL","uri":"https://showallfacilities-77hki32qna-nw.a.run.app","serviceAccountEmail":"824217457615-compute@developer.gserviceaccount.com","availableMemory":"256Mi","allTrafficOnLatestRevision":true,"revision":"showallfacilities-00004-vuy","maxInstanceRequestConcurrency":80,"availableCpu":"1"},"state":"ACTIVE","updateTime":"2024-11-27T16:29:01.777686034Z","labels":{"deployment-tool":"cli-firebase","firebase-functions-hash":"95deefd32257c01ded921ebf1a006041dd10f174"},"environment":"GEN_2","url":"https://europe-west2-sports-arena-39a32.cloudfunctions.net/showAllFacilities","createTime":"2024-11-26T14:35:47.062691997Z"},{"name":"projects/sports-arena-39a32/locations/europe-west2/functions/BMR","buildConfig":{"build":"projects/824217457615/locations/europe-west2/builds/2c8e20d3-6777-4895-9a5a-a03defa4b8f7","runtime":"nodejs20","entryPoint":"BMR","source":{"storageSource":{"bucket":"gcf-v2-sources-824217457615-europe-west2","object":"BMR/function-source.zip","generation":"1732724933825531"}},"environmentVariables":{"GOOGLE_NODE_RUN_SCRIPTS":""},"dockerRepository":"projects/sports-arena-39a32/locations/europe-west2/repositories/gcf-artifacts","sourceProvenance":{"resolvedStorageSource":{"bucket":"gcf-v2-sources-824217457615-europe-west2","object":"BMR/function-source.zip","generation":"1732724933825531"}},"dockerRegistry":"ARTIFACT_REGISTRY","serviceAccount":"projects/sports-arena-39a32/serviceAccounts/824217457615-compute@developer.gserviceaccount.com","automaticUpdatePolicy":{}},"serviceConfig":{"service":"projects/sports-arena-39a32/locations/europe-west2/services/bmr","timeoutSeconds":60,"environmentVariables":{"FIREBASE_CONFIG":"{\"projectId\":\"sports-arena-39a32\",\"storageBucket\":\"sports-arena-39a32.appspot.com\",\"locationId\":\"europe-west\"}","GCLOUD_PROJECT":"sports-arena-39a32","EVENTARC_CLOUD_EVENT_SOURCE":"projects/sports-arena-39a32/locations/europe-west2/services/BMR","FUNCTION_TARGET":"BMR","LOG_EXECUTION_ID":"true","FUNCTION_SIGNATURE_TYPE":"http"},"maxInstanceCount":100,"ingressSettings":"ALLOW_ALL","uri":"https://bmr-77hki32qna-nw.a.run.app","serviceAccountEmail":"824217457615-compute@developer.gserviceaccount.com","availableMemory":"256Mi","allTrafficOnLatestRevision":true,"revision":"bmr-00006-wok","maxInstanceRequestConcurrency":80,"availableCpu":"1"},"state":"ACTIVE","updateTime":"2024-11-27T16:29:00.240652443Z","labels":{"deployment-tool":"cli-firebase","firebase-functions-hash":"95deefd32257c01ded921ebf1a006041dd10f174"},"environment":"GEN_2","url":"https://europe-west2-sports-arena-39a32.cloudfunctions.net/BMR","createTime":"2024-10-31T22:44:12.488826877Z"},{"name":"projects/sports-arena-39a32/locations/europe-west2/functions/deleteClub","buildConfig":{"build":"projects/824217457615/locations/europe-west2/builds/2c8e20d3-6777-4895-9a5a-a03defa4b8f7","runtime":"nodejs20","entryPoint":"deleteClub","source":{"storageSource":{"bucket":"gcf-v2-sources-824217457615-europe-west2","object":"deleteClub/function-source.zip","generation":"1732724933870891"}},"environmentVariables":{"GOOGLE_NODE_RUN_SCRIPTS":""},"dockerRepository":"projects/sports-arena-39a32/locations/europe-west2/repositories/gcf-artifacts","sourceProvenance":{"resolvedStorageSource":{"bucket":"gcf-v2-sources-824217457615-europe-west2","object":"deleteClub/function-source.zip","generation":"1732724933870891"}},"dockerRegistry":"ARTIFACT_REGISTRY","serviceAccount":"projects/sports-arena-39a32/serviceAccounts/824217457615-compute@developer.gserviceaccount.com","automaticUpdatePolicy":{}},"serviceConfig":{"service":"projects/sports-arena-39a32/locations/europe-west2/services/deleteclub","timeoutSeconds":60,"environmentVariables":{"FIREBASE_CONFIG":"{\"projectId\":\"sports-arena-39a32\",\"storageBucket\":\"sports-arena-39a32.appspot.com\",\"locationId\":\"europe-west\"}","GCLOUD_PROJECT":"sports-arena-39a32","EVENTARC_CLOUD_EVENT_SOURCE":"projects/sports-arena-39a32/locations/europe-west2/services/deleteClub","FUNCTION_TARGET":"deleteClub","LOG_EXECUTION_ID":"true","FUNCTION_SIGNATURE_TYPE":"http"},"maxInstanceCount":100,"ingressSettings":"ALLOW_ALL","uri":"https://deleteclub-77hki32qna-nw.a.run.app","serviceAccountEmail":"824217457615-compute@developer.gserviceaccount.com","availableMemory":"256Mi","allTrafficOnLatestRevision":true,"revision":"deleteclub-00004-tol","maxInstanceRequestConcurrency":80,"availableCpu":"1"},"state":"ACTIVE","updateTime":"2024-11-27T16:29:00.783505633Z","labels":{"deployment-tool":"cli-firebase","firebase-functions-hash":"95deefd32257c01ded921ebf1a006041dd10f174"},"environment":"GEN_2","url":"https://europe-west2-sports-arena-39a32.cloudfunctions.net/deleteClub","createTime":"2024-11-26T14:35:46.965749680Z"},{"name":"projects/sports-arena-39a32/locations/europe-west2/functions/showAllClubs","buildConfig":{"build":"projects/824217457615/locations/europe-west2/builds/2c8e20d3-6777-4895-9a5a-a03defa4b8f7","runtime":"nodejs20","entryPoint":"showAllClubs","source":{"storageSource":{"bucket":"gcf-v2-sources-824217457615-europe-west2","object":"showAllClubs/function-source.zip","generation":"1732724933908963"}},"environmentVariables":{"GOOGLE_NODE_RUN_SCRIPTS":""},"dockerRepository":"projects/sports-arena-39a32/locations/europe-west2/repositories/gcf-artifacts","sourceProvenance":{"resolvedStorageSource":{"bucket":"gcf-v2-sources-824217457615-europe-west2","object":"showAllClubs/function-source.zip","generation":"1732724933908963"}},"dockerRegistry":"ARTIFACT_REGISTRY","serviceAccount":"projects/sports-arena-39a32/serviceAccounts/824217457615-compute@developer.gserviceaccount.com","automaticUpdatePolicy":{}},"serviceConfig":{"service":"projects/sports-arena-39a32/locations/europe-west2/services/showallclubs","timeoutSeconds":60,"environmentVariables":{"FIREBASE_CONFIG":"{\"projectId\":\"sports-arena-39a32\",\"storageBucket\":\"sports-arena-39a32.appspot.com\",\"locationId\":\"europe-west\"}","GCLOUD_PROJECT":"sports-arena-39a32","EVENTARC_CLOUD_EVENT_SOURCE":"projects/sports-arena-39a32/locations/europe-west2/services/showAllClubs","FUNCTION_TARGET":"showAllClubs","LOG_EXECUTION_ID":"true","FUNCTION_SIGNATURE_TYPE":"http"},"maxInstanceCount":100,"ingressSettings":"ALLOW_ALL","uri":"https://showallclubs-77hki32qna-nw.a.run.app","serviceAccountEmail":"824217457615-compute@developer.gserviceaccount.com","availableMemory":"256Mi","allTrafficOnLatestRevision":true,"revision":"showallclubs-00004-loh","maxInstanceRequestConcurrency":80,"availableCpu":"1"},"state":"ACTIVE","updateTime":"2024-11-27T16:29:02.475565067Z","labels":{"deployment-tool":"cli-firebase","firebase-functions-hash":"95deefd32257c01ded921ebf1a006041dd10f174"},"environment":"GEN_2","url":"https://europe-west2-sports-arena-39a32.cloudfunctions.net/showAllClubs","createTime":"2024-11-26T14:35:47.165437650Z"},{"name":"projects/sports-arena-39a32/locations/europe-west2/functions/bookingClub","buildConfig":{"build":"projects/824217457615/locations/europe-west2/builds/2c8e20d3-6777-4895-9a5a-a03defa4b8f7","runtime":"nodejs20","entryPoint":"bookingClub","source":{"storageSource":{"bucket":"gcf-v2-sources-824217457615-europe-west2","object":"bookingClub/function-source.zip","generation":"1732724933970716"}},"environmentVariables":{"GOOGLE_NODE_RUN_SCRIPTS":""},"dockerRepository":"projects/sports-arena-39a32/locations/europe-west2/repositories/gcf-artifacts","sourceProvenance":{"resolvedStorageSource":{"bucket":"gcf-v2-sources-824217457615-europe-west2","object":"bookingClub/function-source.zip","generation":"1732724933970716"}},"dockerRegistry":"ARTIFACT_REGISTRY","serviceAccount":"projects/sports-arena-39a32/serviceAccounts/824217457615-compute@developer.gserviceaccount.com","automaticUpdatePolicy":{}},"serviceConfig":{"service":"projects/sports-arena-39a32/locations/europe-west2/services/bookingclub","timeoutSeconds":60,"environmentVariables":{"FIREBASE_CONFIG":"{\"projectId\":\"sports-arena-39a32\",\"storageBucket\":\"sports-arena-39a32.appspot.com\",\"locationId\":\"europe-west\"}","GCLOUD_PROJECT":"sports-arena-39a32","EVENTARC_CLOUD_EVENT_SOURCE":"projects/sports-arena-39a32/locations/europe-west2/services/bookingClub","FUNCTION_TARGET":"bookingClub","LOG_EXECUTION_ID":"true","FUNCTION_SIGNATURE_TYPE":"http"},"maxInstanceCount":100,"ingressSettings":"ALLOW_ALL","uri":"https://bookingclub-77hki32qna-nw.a.run.app","serviceAccountEmail":"824217457615-compute@developer.gserviceaccount.com","availableMemory":"256Mi","allTrafficOnLatestRevision":true,"revision":"bookingclub-00004-jaf","maxInstanceRequestConcurrency":80,"availableCpu":"1"},"state":"ACTIVE","updateTime":"2024-11-27T16:29:02.575676918Z","labels":{"deployment-tool":"cli-firebase","firebase-functions-hash":"95deefd32257c01ded921ebf1a006041dd10f174"},"environment":"GEN_2","url":"https://europe-west2-sports-arena-39a32.cloudfunctions.net/bookingClub","createTime":"2024-11-26T14:34:28.876570917Z"},{"name":"projects/sports-arena-39a32/locations/europe-west2/functions/bookFacility","buildConfig":{"build":"projects/824217457615/locations/europe-west2/builds/2c8e20d3-6777-4895-9a5a-a03defa4b8f7","runtime":"nodejs20","entryPoint":"bookFacility","source":{"storageSource":{"bucket":"gcf-v2-sources-824217457615-europe-west2","object":"bookFacility/function-source.zip","generation":"1732724934154340"}},"environmentVariables":{"GOOGLE_NODE_RUN_SCRIPTS":""},"dockerRepository":"projects/sports-arena-39a32/locations/europe-west2/repositories/gcf-artifacts","sourceProvenance":{"resolvedStorageSource":{"bucket":"gcf-v2-sources-824217457615-europe-west2","object":"bookFacility/function-source.zip","generation":"1732724934154340"}},"dockerRegistry":"ARTIFACT_REGISTRY","serviceAccount":"projects/sports-arena-39a32/serviceAccounts/824217457615-compute@developer.gserviceaccount.com","automaticUpdatePolicy":{}},"serviceConfig":{"service":"projects/sports-arena-39a32/locations/europe-west2/services/bookfacility","timeoutSeconds":60,"environmentVariables":{"FIREBASE_CONFIG":"{\"projectId\":\"sports-arena-39a32\",\"storageBucket\":\"sports-arena-39a32.appspot.com\",\"locationId\":\"europe-west\"}","GCLOUD_PROJECT":"sports-arena-39a32","EVENTARC_CLOUD_EVENT_SOURCE":"projects/sports-arena-39a32/locations/europe-west2/services/bookFacility","FUNCTION_TARGET":"bookFacility","LOG_EXECUTION_ID":"true","FUNCTION_SIGNATURE_TYPE":"http"},"maxInstanceCount":100,"ingressSettings":"ALLOW_ALL","uri":"https://bookfacility-77hki32qna-nw.a.run.app","serviceAccountEmail":"824217457615-compute@developer.gserviceaccount.com","availableMemory":"256Mi","allTrafficOnLatestRevision":true,"revision":"bookfacility-00004-baq","maxInstanceRequestConcurrency":80,"availableCpu":"1"},"state":"ACTIVE","updateTime":"2024-11-27T16:29:02.894479741Z","labels":{"deployment-tool":"cli-firebase","firebase-functions-hash":"95deefd32257c01ded921ebf1a006041dd10f174"},"environment":"GEN_2","url":"https://europe-west2-sports-arena-39a32.cloudfunctions.net/bookFacility","createTime":"2024-11-26T14:35:47.061660607Z"}]}
[info] i  functions: ensuring required API run.googleapis.com is enabled... 
[debug] [2024-11-27T16:58:43.058Z] Checked if tokens are valid: true, expires at: 1732728430856
[debug] [2024-11-27T16:58:43.058Z] Checked if tokens are valid: true, expires at: 1732728430856
[info] i  functions: ensuring required API eventarc.googleapis.com is enabled... 
[debug] [2024-11-27T16:58:43.058Z] Checked if tokens are valid: true, expires at: 1732728430856
[debug] [2024-11-27T16:58:43.058Z] Checked if tokens are valid: true, expires at: 1732728430856
[info] i  functions: ensuring required API pubsub.googleapis.com is enabled... 
[debug] [2024-11-27T16:58:43.058Z] Checked if tokens are valid: true, expires at: 1732728430856
[debug] [2024-11-27T16:58:43.058Z] Checked if tokens are valid: true, expires at: 1732728430856
[info] i  functions: ensuring required API storage.googleapis.com is enabled... 
[debug] [2024-11-27T16:58:43.059Z] Checked if tokens are valid: true, expires at: 1732728430856
[debug] [2024-11-27T16:58:43.059Z] Checked if tokens are valid: true, expires at: 1732728430856
[debug] [2024-11-27T16:58:43.059Z] >>> [apiv2][query] GET https://serviceusage.googleapis.com/v1/projects/sports-arena-39a32/services/run.googleapis.com [none]
[debug] [2024-11-27T16:58:43.059Z] >>> [apiv2][(partial)header] GET https://serviceusage.googleapis.com/v1/projects/sports-arena-39a32/services/run.googleapis.com x-goog-quota-user=projects/sports-arena-39a32
[debug] [2024-11-27T16:58:43.059Z] >>> [apiv2][query] GET https://serviceusage.googleapis.com/v1/projects/sports-arena-39a32/services/eventarc.googleapis.com [none]
[debug] [2024-11-27T16:58:43.059Z] >>> [apiv2][(partial)header] GET https://serviceusage.googleapis.com/v1/projects/sports-arena-39a32/services/eventarc.googleapis.com x-goog-quota-user=projects/sports-arena-39a32
[debug] [2024-11-27T16:58:43.060Z] >>> [apiv2][query] GET https://serviceusage.googleapis.com/v1/projects/sports-arena-39a32/services/pubsub.googleapis.com [none]
[debug] [2024-11-27T16:58:43.060Z] >>> [apiv2][(partial)header] GET https://serviceusage.googleapis.com/v1/projects/sports-arena-39a32/services/pubsub.googleapis.com x-goog-quota-user=projects/sports-arena-39a32
[debug] [2024-11-27T16:58:43.061Z] >>> [apiv2][query] GET https://serviceusage.googleapis.com/v1/projects/sports-arena-39a32/services/storage.googleapis.com [none]
[debug] [2024-11-27T16:58:43.061Z] >>> [apiv2][(partial)header] GET https://serviceusage.googleapis.com/v1/projects/sports-arena-39a32/services/storage.googleapis.com x-goog-quota-user=projects/sports-arena-39a32
[debug] [2024-11-27T16:58:43.809Z] <<< [apiv2][status] GET https://serviceusage.googleapis.com/v1/projects/sports-arena-39a32/services/run.googleapis.com 200
[debug] [2024-11-27T16:58:43.809Z] <<< [apiv2][body] GET https://serviceusage.googleapis.com/v1/projects/sports-arena-39a32/services/run.googleapis.com [omitted]
[info] +  functions: required API run.googleapis.com is enabled 
[debug] [2024-11-27T16:58:43.840Z] <<< [apiv2][status] GET https://serviceusage.googleapis.com/v1/projects/sports-arena-39a32/services/pubsub.googleapis.com 200
[debug] [2024-11-27T16:58:43.840Z] <<< [apiv2][body] GET https://serviceusage.googleapis.com/v1/projects/sports-arena-39a32/services/pubsub.googleapis.com [omitted]
[info] +  functions: required API pubsub.googleapis.com is enabled 
[debug] [2024-11-27T16:58:43.882Z] <<< [apiv2][status] GET https://serviceusage.googleapis.com/v1/projects/sports-arena-39a32/services/storage.googleapis.com 200
[debug] [2024-11-27T16:58:43.882Z] <<< [apiv2][body] GET https://serviceusage.googleapis.com/v1/projects/sports-arena-39a32/services/storage.googleapis.com [omitted]
[info] +  functions: required API storage.googleapis.com is enabled 
[debug] [2024-11-27T16:58:43.901Z] <<< [apiv2][status] GET https://serviceusage.googleapis.com/v1/projects/sports-arena-39a32/services/eventarc.googleapis.com 200
[debug] [2024-11-27T16:58:43.902Z] <<< [apiv2][body] GET https://serviceusage.googleapis.com/v1/projects/sports-arena-39a32/services/eventarc.googleapis.com [omitted]
[info] +  functions: required API eventarc.googleapis.com is enabled 
[info] i  functions: generating the service identity for pubsub.googleapis.com... 
[debug] [2024-11-27T16:58:43.902Z] Checked if tokens are valid: true, expires at: 1732728430856
[debug] [2024-11-27T16:58:43.902Z] Checked if tokens are valid: true, expires at: 1732728430856
[info] i  functions: generating the service identity for eventarc.googleapis.com... 
[debug] [2024-11-27T16:58:43.903Z] Checked if tokens are valid: true, expires at: 1732728430856
[debug] [2024-11-27T16:58:43.903Z] Checked if tokens are valid: true, expires at: 1732728430856
[debug] [2024-11-27T16:58:43.903Z] >>> [apiv2][query] POST https://serviceusage.googleapis.com/v1beta1/projects/824217457615/services/pubsub.googleapis.com:generateServiceIdentity [none]
[debug] [2024-11-27T16:58:43.903Z] >>> [apiv2][query] POST https://serviceusage.googleapis.com/v1beta1/projects/824217457615/services/eventarc.googleapis.com:generateServiceIdentity [none]
[debug] [2024-11-27T16:58:44.648Z] <<< [apiv2][status] POST https://serviceusage.googleapis.com/v1beta1/projects/824217457615/services/pubsub.googleapis.com:generateServiceIdentity 200
[debug] [2024-11-27T16:58:44.649Z] <<< [apiv2][body] POST https://serviceusage.googleapis.com/v1beta1/projects/824217457615/services/pubsub.googleapis.com:generateServiceIdentity {"name":"operations/finished.DONE_OPERATION","done":true,"response":{"@type":"type.googleapis.com/google.api.serviceusage.v1beta1.ServiceIdentity","email":"service-824217457615@gcp-sa-pubsub.iam.gserviceaccount.com","uniqueId":"100283372542990729361"}}
[debug] [2024-11-27T16:58:44.682Z] <<< [apiv2][status] POST https://serviceusage.googleapis.com/v1beta1/projects/824217457615/services/eventarc.googleapis.com:generateServiceIdentity 200
[debug] [2024-11-27T16:58:44.682Z] <<< [apiv2][body] POST https://serviceusage.googleapis.com/v1beta1/projects/824217457615/services/eventarc.googleapis.com:generateServiceIdentity {"name":"operations/finished.DONE_OPERATION","done":true,"response":{"@type":"type.googleapis.com/google.api.serviceusage.v1beta1.ServiceIdentity","email":"service-824217457615@gcp-sa-eventarc.iam.gserviceaccount.com","uniqueId":"116719746774422851871"}}
[debug] [2024-11-27T16:58:44.684Z] Checked if tokens are valid: true, expires at: 1732728430856
[debug] [2024-11-27T16:58:44.684Z] Checked if tokens are valid: true, expires at: 1732728430856
[debug] [2024-11-27T16:58:44.684Z] >>> [apiv2][query] GET https://cloudresourcemanager.googleapis.com/v1/projects/sports-arena-39a32 [none]
[debug] [2024-11-27T16:58:44.856Z] <<< [apiv2][status] GET https://cloudresourcemanager.googleapis.com/v1/projects/sports-arena-39a32 200
[debug] [2024-11-27T16:58:44.856Z] <<< [apiv2][body] GET https://cloudresourcemanager.googleapis.com/v1/projects/sports-arena-39a32 {"projectNumber":"824217457615","projectId":"sports-arena-39a32","lifecycleState":"ACTIVE","name":"Sports Arena","labels":{"firebase":"enabled"},"createTime":"2024-09-18T10:52:26.724500Z"}
[debug] [2024-11-27T16:58:44.857Z] Checked if tokens are valid: true, expires at: 1732728430856
[debug] [2024-11-27T16:58:44.857Z] Checked if tokens are valid: true, expires at: 1732728430856
[debug] [2024-11-27T16:58:44.857Z] >>> [apiv2][query] GET https://cloudbilling.googleapis.com/v1/projects/sports-arena-39a32/billingInfo [none]
[debug] [2024-11-27T16:58:45.574Z] <<< [apiv2][status] GET https://cloudbilling.googleapis.com/v1/projects/sports-arena-39a32/billingInfo 200
[debug] [2024-11-27T16:58:45.574Z] <<< [apiv2][body] GET https://cloudbilling.googleapis.com/v1/projects/sports-arena-39a32/billingInfo {"name":"projects/sports-arena-39a32/billingInfo","projectId":"sports-arena-39a32","billingAccountName":"billingAccounts/0106B8-9F1257-66404A","billingEnabled":true}
[debug] [2024-11-27T16:58:45.575Z] [functions] found 1 new HTTP functions, testing setIamPolicy permission...
[debug] [2024-11-27T16:58:45.575Z] Checked if tokens are valid: true, expires at: 1732728430856
[debug] [2024-11-27T16:58:45.575Z] Checked if tokens are valid: true, expires at: 1732728430856
[debug] [2024-11-27T16:58:45.575Z] >>> [apiv2][query] POST https://cloudresourcemanager.googleapis.com/v1/projects/sports-arena-39a32:testIamPermissions [none]
[debug] [2024-11-27T16:58:45.575Z] >>> [apiv2][(partial)header] POST https://cloudresourcemanager.googleapis.com/v1/projects/sports-arena-39a32:testIamPermissions x-goog-quota-user=projects/sports-arena-39a32
[debug] [2024-11-27T16:58:45.575Z] >>> [apiv2][body] POST https://cloudresourcemanager.googleapis.com/v1/projects/sports-arena-39a32:testIamPermissions {"permissions":["cloudfunctions.functions.setIamPolicy"]}
[debug] [2024-11-27T16:58:45.718Z] <<< [apiv2][status] POST https://cloudresourcemanager.googleapis.com/v1/projects/sports-arena-39a32:testIamPermissions 200
[debug] [2024-11-27T16:58:45.718Z] <<< [apiv2][body] POST https://cloudresourcemanager.googleapis.com/v1/projects/sports-arena-39a32:testIamPermissions {"permissions":["cloudfunctions.functions.setIamPolicy"]}
[debug] [2024-11-27T16:58:45.718Z] [functions] found setIamPolicy permission, proceeding with deploy
[debug] [2024-11-27T16:58:45.718Z] Checked if tokens are valid: true, expires at: 1732728430856
[debug] [2024-11-27T16:58:45.718Z] Checked if tokens are valid: true, expires at: 1732728430856
[debug] [2024-11-27T16:58:45.718Z] >>> [apiv2][query] POST https://cloudfunctions.googleapis.com/v2/projects/sports-arena-39a32/locations/europe-west2/functions:generateUploadUrl [none]
[debug] [2024-11-27T16:58:45.872Z] <<< [apiv2][status] POST https://cloudfunctions.googleapis.com/v2/projects/sports-arena-39a32/locations/europe-west2/functions:generateUploadUrl 200
[debug] [2024-11-27T16:58:45.872Z] <<< [apiv2][body] POST https://cloudfunctions.googleapis.com/v2/projects/sports-arena-39a32/locations/europe-west2/functions:generateUploadUrl {"uploadUrl":"https://storage.googleapis.com/gcf-v2-uploads-824217457615.europe-west2.cloudfunctions.appspot.com/7f2bffce-cce9-4998-ad3c-70810842d8ed.zip?GoogleAccessId=service-824217457615@gcf-admin-robot.iam.gserviceaccount.com&Expires=1732728525&Signature=ij1kQgQkab%2FagtV9dznanfW9WriyzocCO4I0ix3RQD%2FX%2BF489JLxhXcIzQIzI48LbixRe6l3lCpub7jc6tPi8oBpfi5E2tI3jvW%2BGieOP0YjBqv3WnUMxMbuoapsvYR1ZctUHtkwQgssLWipIU5V1OQJv1eyTDAer7mHLOcWVpCpZCPzo9X6bN8rQnJ6EyYSHYDiPDrhtIUPV3%2BpWDIXpaSCanUfOTLsm3U91V3noTehQKb51t7aybfN5km5IuA5ZALqNFILvOO9G14v%2BJ0rCRPoguykFZKNFf7dRsaob57QSMFfJ4N9rNVIj%2BzLGcuTWIkfb05j3f0zc31aP9PKEw%3D%3D","storageSource":{"bucket":"gcf-v2-uploads-824217457615.europe-west2.cloudfunctions.appspot.com","object":"7f2bffce-cce9-4998-ad3c-70810842d8ed.zip"}}
[debug] [2024-11-27T16:58:45.873Z] >>> [apiv2][query] PUT https://storage.googleapis.com/gcf-v2-uploads-824217457615.europe-west2.cloudfunctions.appspot.com/7f2bffce-cce9-4998-ad3c-70810842d8ed.zip GoogleAccessId=service-824217457615%40gcf-admin-robot.iam.gserviceaccount.com&Expires=1732728525&Signature=ij1kQgQkab%2FagtV9dznanfW9WriyzocCO4I0ix3RQD%2FX%2BF489JLxhXcIzQIzI48LbixRe6l3lCpub7jc6tPi8oBpfi5E2tI3jvW%2BGieOP0YjBqv3WnUMxMbuoapsvYR1ZctUHtkwQgssLWipIU5V1OQJv1eyTDAer7mHLOcWVpCpZCPzo9X6bN8rQnJ6EyYSHYDiPDrhtIUPV3%2BpWDIXpaSCanUfOTLsm3U91V3noTehQKb51t7aybfN5km5IuA5ZALqNFILvOO9G14v%2BJ0rCRPoguykFZKNFf7dRsaob57QSMFfJ4N9rNVIj%2BzLGcuTWIkfb05j3f0zc31aP9PKEw%3D%3D
[debug] [2024-11-27T16:58:45.873Z] >>> [apiv2][body] PUT https://storage.googleapis.com/gcf-v2-uploads-824217457615.europe-west2.cloudfunctions.appspot.com/7f2bffce-cce9-4998-ad3c-70810842d8ed.zip [stream]
[debug] [2024-11-27T16:58:46.087Z] <<< [apiv2][status] PUT https://storage.googleapis.com/gcf-v2-uploads-824217457615.europe-west2.cloudfunctions.appspot.com/7f2bffce-cce9-4998-ad3c-70810842d8ed.zip 200
[debug] [2024-11-27T16:58:46.087Z] <<< [apiv2][body] PUT https://storage.googleapis.com/gcf-v2-uploads-824217457615.europe-west2.cloudfunctions.appspot.com/7f2bffce-cce9-4998-ad3c-70810842d8ed.zip [omitted]
[info] +  functions: functions folder uploaded successfully 
[info] i  functions: creating Node.js 20 (2nd Gen) function currentUser(europe-west2)... 
[info] i  functions: updating Node.js 20 (2nd Gen) function showDB(europe-west2)... 
[info] i  functions: updating Node.js 20 (2nd Gen) function verifyUser(europe-west2)... 
[info] i  functions: updating Node.js 20 (2nd Gen) function addUser(europe-west2)... 
[info] i  functions: updating Node.js 20 (2nd Gen) function updateDetails(europe-west2)... 
[info] i  functions: updating Node.js 20 (2nd Gen) function BMR(europe-west2)... 
[info] i  functions: updating Node.js 20 (2nd Gen) function dailyCalories(europe-west2)... 
[info] i  functions: updating Node.js 20 (2nd Gen) function bookingClub(europe-west2)... 
[info] i  functions: updating Node.js 20 (2nd Gen) function bookFacility(europe-west2)... 
[info] i  functions: updating Node.js 20 (2nd Gen) function createFacility(europe-west2)... 
[info] i  functions: updating Node.js 20 (2nd Gen) function updateFacility(europe-west2)... 
[info] i  functions: updating Node.js 20 (2nd Gen) function deleteFacility(europe-west2)... 
[info] i  functions: updating Node.js 20 (2nd Gen) function showAllFacilities(europe-west2)... 
[info] i  functions: updating Node.js 20 (2nd Gen) function showAllClubs(europe-west2)... 
[info] i  functions: updating Node.js 20 (2nd Gen) function createClub(europe-west2)... 
[info] i  functions: updating Node.js 20 (2nd Gen) function updateClub(europe-west2)... 
[info] i  functions: updating Node.js 20 (2nd Gen) function deleteClub(europe-west2)... 
[debug] [2024-11-27T16:58:46.094Z] Checked if tokens are valid: true, expires at: 1732728430856
[debug] [2024-11-27T16:58:46.094Z] Checked if tokens are valid: true, expires at: 1732728430856
[debug] [2024-11-27T16:58:46.095Z] >>> [apiv2][query] POST https://cloudfunctions.googleapis.com/v2/projects/sports-arena-39a32/locations/europe-west2/functions functionId=currentUser
[debug] [2024-11-27T16:58:46.095Z] >>> [apiv2][body] POST https://cloudfunctions.googleapis.com/v2/projects/sports-arena-39a32/locations/europe-west2/functions {"name":"projects/sports-arena-39a32/locations/europe-west2/functions/currentUser","buildConfig":{"runtime":"nodejs20","entryPoint":"currentUser","source":{"storageSource":{"bucket":"gcf-v2-uploads-824217457615.europe-west2.cloudfunctions.appspot.com","object":"7f2bffce-cce9-4998-ad3c-70810842d8ed.zip"}},"environmentVariables":{"GOOGLE_NODE_RUN_SCRIPTS":""}},"serviceConfig":{"environmentVariables":{"FIREBASE_CONFIG":"{\"projectId\":\"sports-arena-39a32\",\"storageBucket\":\"sports-arena-39a32.appspot.com\",\"locationId\":\"europe-west\"}","GCLOUD_PROJECT":"sports-arena-39a32","EVENTARC_CLOUD_EVENT_SOURCE":"projects/sports-arena-39a32/locations/europe-west2/services/currentUser","FUNCTION_TARGET":"currentUser"},"ingressSettings":null,"timeoutSeconds":null,"serviceAccountEmail":null,"availableMemory":"256Mi","minInstanceCount":null,"maxInstanceCount":null,"maxInstanceRequestConcurrency":80,"availableCpu":"1","vpcConnector":null,"vpcConnectorEgressSettings":null},"labels":{"deployment-tool":"cli-firebase","firebase-functions-hash":"fbe2d7e9e3193ce07fd7760b0be33bd7c156c983"}}
[debug] [2024-11-27T16:58:46.830Z] <<< [apiv2][status] POST https://cloudfunctions.googleapis.com/v2/projects/sports-arena-39a32/locations/europe-west2/functions 200
[debug] [2024-11-27T16:58:46.830Z] <<< [apiv2][body] POST https://cloudfunctions.googleapis.com/v2/projects/sports-arena-39a32/locations/europe-west2/functions {"name":"projects/sports-arena-39a32/locations/europe-west2/operations/operation-1732726725821-627e7e0fc4320-539710db-d4c6e419","metadata":{"@type":"type.googleapis.com/google.cloud.functions.v2.OperationMetadata","createTime":"2024-11-27T16:58:46.402387804Z","target":"projects/sports-arena-39a32/locations/europe-west2/functions/currentUser","verb":"create","cancelRequested":false,"apiVersion":"v2"},"done":false}
[debug] [2024-11-27T16:58:46.831Z] Checked if tokens are valid: true, expires at: 1732728430856
[debug] [2024-11-27T16:58:46.831Z] Checked if tokens are valid: true, expires at: 1732728430856
[debug] [2024-11-27T16:58:46.831Z] >>> [apiv2][query] GET https://cloudfunctions.googleapis.com/v2/projects/sports-arena-39a32/locations/europe-west2/operations/operation-1732726725821-627e7e0fc4320-539710db-d4c6e419 [none]
[debug] [2024-11-27T16:58:46.973Z] <<< [apiv2][status] GET https://cloudfunctions.googleapis.com/v2/projects/sports-arena-39a32/locations/europe-west2/operations/operation-1732726725821-627e7e0fc4320-539710db-d4c6e419 200
[debug] [2024-11-27T16:58:46.973Z] <<< [apiv2][body] GET https://cloudfunctions.googleapis.com/v2/projects/sports-arena-39a32/locations/europe-west2/operations/operation-1732726725821-627e7e0fc4320-539710db-d4c6e419 {"name":"projects/sports-arena-39a32/locations/europe-west2/operations/operation-1732726725821-627e7e0fc4320-539710db-d4c6e419","metadata":{"@type":"type.googleapis.com/google.cloud.functions.v2.OperationMetadata","createTime":"2024-11-27T16:58:46.402387804Z","target":"projects/sports-arena-39a32/locations/europe-west2/functions/currentUser","verb":"create","cancelRequested":false,"apiVersion":"v2","requestResource":{"@type":"type.googleapis.com/google.cloud.functions.v2.Function","name":"projects/sports-arena-39a32/locations/europe-west2/functions/currentUser","buildConfig":{"runtime":"nodejs20","entryPoint":"currentUser","source":{"storageSource":{"bucket":"gcf-v2-sources-824217457615-europe-west2","object":"currentUser/function-source.zip","generation":"1732726726078315"}},"environmentVariables":{"GOOGLE_NODE_RUN_SCRIPTS":""},"serviceAccount":"projects/sports-arena-39a32/serviceAccounts/824217457615-compute@developer.gserviceaccount.com","automaticUpdatePolicy":{}},"serviceConfig":{"service":"projects/sports-arena-39a32/locations/europe-west2/services/currentuser","timeoutSeconds":60,"environmentVariables":{"FIREBASE_CONFIG":"{\"projectId\":\"sports-arena-39a32\",\"storageBucket\":\"sports-arena-39a32.appspot.com\",\"locationId\":\"europe-west\"}","GCLOUD_PROJECT":"sports-arena-39a32","EVENTARC_CLOUD_EVENT_SOURCE":"projects/sports-arena-39a32/locations/europe-west2/services/currentUser","FUNCTION_TARGET":"currentUser","LOG_EXECUTION_ID":"true"},"ingressSettings":"ALLOW_ALL","serviceAccountEmail":"824217457615-compute@developer.gserviceaccount.com","availableMemory":"256Mi","maxInstanceRequestConcurrency":80,"availableCpu":"1"},"labels":{"deployment-tool":"cli-firebase","firebase-functions-hash":"fbe2d7e9e3193ce07fd7760b0be33bd7c156c983"},"environment":"GEN_2"},"stages":[{"name":"BUILD","state":"NOT_STARTED"},{"name":"SERVICE","state":"NOT_STARTED"}],"operationType":"CREATE_FUNCTION"},"done":false}
[debug] [2024-11-27T16:58:47.474Z] [create-default-europe-west2-currentUser] Retrying task index 0
[debug] [2024-11-27T16:58:47.474Z] Checked if tokens are valid: true, expires at: 1732728430856
[debug] [2024-11-27T16:58:47.475Z] Checked if tokens are valid: true, expires at: 1732728430856
[debug] [2024-11-27T16:58:47.475Z] >>> [apiv2][query] GET https://cloudfunctions.googleapis.com/v2/projects/sports-arena-39a32/locations/europe-west2/operations/operation-1732726725821-627e7e0fc4320-539710db-d4c6e419 [none]
[debug] [2024-11-27T16:58:47.564Z] <<< [apiv2][status] GET https://cloudfunctions.googleapis.com/v2/projects/sports-arena-39a32/locations/europe-west2/operations/operation-1732726725821-627e7e0fc4320-539710db-d4c6e419 200
[debug] [2024-11-27T16:58:47.564Z] <<< [apiv2][body] GET https://cloudfunctions.googleapis.com/v2/projects/sports-arena-39a32/locations/europe-west2/operations/operation-1732726725821-627e7e0fc4320-539710db-d4c6e419 {"name":"projects/sports-arena-39a32/locations/europe-west2/operations/operation-1732726725821-627e7e0fc4320-539710db-d4c6e419","metadata":{"@type":"type.googleapis.com/google.cloud.functions.v2.OperationMetadata","createTime":"2024-11-27T16:58:46.402387804Z","target":"projects/sports-arena-39a32/locations/europe-west2/functions/currentUser","verb":"create","cancelRequested":false,"apiVersion":"v2","requestResource":{"@type":"type.googleapis.com/google.cloud.functions.v2.Function","name":"projects/sports-arena-39a32/locations/europe-west2/functions/currentUser","buildConfig":{"runtime":"nodejs20","entryPoint":"currentUser","source":{"storageSource":{"bucket":"gcf-v2-sources-824217457615-europe-west2","object":"currentUser/function-source.zip","generation":"1732726726078315"}},"environmentVariables":{"GOOGLE_NODE_RUN_SCRIPTS":""},"serviceAccount":"projects/sports-arena-39a32/serviceAccounts/824217457615-compute@developer.gserviceaccount.com","automaticUpdatePolicy":{}},"serviceConfig":{"service":"projects/sports-arena-39a32/locations/europe-west2/services/currentuser","timeoutSeconds":60,"environmentVariables":{"FIREBASE_CONFIG":"{\"projectId\":\"sports-arena-39a32\",\"storageBucket\":\"sports-arena-39a32.appspot.com\",\"locationId\":\"europe-west\"}","GCLOUD_PROJECT":"sports-arena-39a32","EVENTARC_CLOUD_EVENT_SOURCE":"projects/sports-arena-39a32/locations/europe-west2/services/currentUser","FUNCTION_TARGET":"currentUser","LOG_EXECUTION_ID":"true"},"ingressSettings":"ALLOW_ALL","serviceAccountEmail":"824217457615-compute@developer.gserviceaccount.com","availableMemory":"256Mi","maxInstanceRequestConcurrency":80,"availableCpu":"1"},"labels":{"deployment-tool":"cli-firebase","firebase-functions-hash":"fbe2d7e9e3193ce07fd7760b0be33bd7c156c983"},"environment":"GEN_2"},"stages":[{"name":"BUILD","state":"NOT_STARTED"},{"name":"SERVICE","state":"NOT_STARTED"}],"operationType":"CREATE_FUNCTION"},"done":false}
[debug] [2024-11-27T16:58:48.565Z] [create-default-europe-west2-currentUser] Retrying task index 0
[debug] [2024-11-27T16:58:48.565Z] Checked if tokens are valid: true, expires at: 1732728430856
[debug] [2024-11-27T16:58:48.565Z] Checked if tokens are valid: true, expires at: 1732728430856
[debug] [2024-11-27T16:58:48.565Z] >>> [apiv2][query] GET https://cloudfunctions.googleapis.com/v2/projects/sports-arena-39a32/locations/europe-west2/operations/operation-1732726725821-627e7e0fc4320-539710db-d4c6e419 [none]
[debug] [2024-11-27T16:58:48.643Z] <<< [apiv2][status] GET https://cloudfunctions.googleapis.com/v2/projects/sports-arena-39a32/locations/europe-west2/operations/operation-1732726725821-627e7e0fc4320-539710db-d4c6e419 200
[debug] [2024-11-27T16:58:48.644Z] <<< [apiv2][body] GET https://cloudfunctions.googleapis.com/v2/projects/sports-arena-39a32/locations/europe-west2/operations/operation-1732726725821-627e7e0fc4320-539710db-d4c6e419 {"name":"projects/sports-arena-39a32/locations/europe-west2/operations/operation-1732726725821-627e7e0fc4320-539710db-d4c6e419","metadata":{"@type":"type.googleapis.com/google.cloud.functions.v2.OperationMetadata","createTime":"2024-11-27T16:58:46.402387804Z","target":"projects/sports-arena-39a32/locations/europe-west2/functions/currentUser","verb":"create","cancelRequested":false,"apiVersion":"v2","requestResource":{"@type":"type.googleapis.com/google.cloud.functions.v2.Function","name":"projects/sports-arena-39a32/locations/europe-west2/functions/currentUser","buildConfig":{"runtime":"nodejs20","entryPoint":"currentUser","source":{"storageSource":{"bucket":"gcf-v2-sources-824217457615-europe-west2","object":"currentUser/function-source.zip","generation":"1732726726078315"}},"environmentVariables":{"GOOGLE_NODE_RUN_SCRIPTS":""},"serviceAccount":"projects/sports-arena-39a32/serviceAccounts/824217457615-compute@developer.gserviceaccount.com","automaticUpdatePolicy":{}},"serviceConfig":{"service":"projects/sports-arena-39a32/locations/europe-west2/services/currentuser","timeoutSeconds":60,"environmentVariables":{"FIREBASE_CONFIG":"{\"projectId\":\"sports-arena-39a32\",\"storageBucket\":\"sports-arena-39a32.appspot.com\",\"locationId\":\"europe-west\"}","GCLOUD_PROJECT":"sports-arena-39a32","EVENTARC_CLOUD_EVENT_SOURCE":"projects/sports-arena-39a32/locations/europe-west2/services/currentUser","FUNCTION_TARGET":"currentUser","LOG_EXECUTION_ID":"true"},"ingressSettings":"ALLOW_ALL","serviceAccountEmail":"824217457615-compute@developer.gserviceaccount.com","availableMemory":"256Mi","maxInstanceRequestConcurrency":80,"availableCpu":"1"},"labels":{"deployment-tool":"cli-firebase","firebase-functions-hash":"fbe2d7e9e3193ce07fd7760b0be33bd7c156c983"},"environment":"GEN_2"},"stages":[{"name":"BUILD","message":"Build in progress","state":"IN_PROGRESS","resource":"projects/824217457615/locations/europe-west2/builds/1a952772-5416-4f07-961b-db7a33289664","resourceUri":"https://console.cloud.google.com/cloud-build/builds;region=europe-west2/1a952772-5416-4f07-961b-db7a33289664?project=824217457615"},{"name":"SERVICE","state":"NOT_STARTED"}],"operationType":"CREATE_FUNCTION","buildName":"projects/824217457615/locations/europe-west2/builds/1a952772-5416-4f07-961b-db7a33289664"},"done":false}
[debug] [2024-11-27T16:58:50.644Z] [create-default-europe-west2-currentUser] Retrying task index 0
[debug] [2024-11-27T16:58:50.645Z] Checked if tokens are valid: true, expires at: 1732728430856
[debug] [2024-11-27T16:58:50.645Z] Checked if tokens are valid: true, expires at: 1732728430856
[debug] [2024-11-27T16:58:50.645Z] >>> [apiv2][query] GET https://cloudfunctions.googleapis.com/v2/projects/sports-arena-39a32/locations/europe-west2/operations/operation-1732726725821-627e7e0fc4320-539710db-d4c6e419 [none]
[debug] [2024-11-27T16:58:50.756Z] <<< [apiv2][status] GET https://cloudfunctions.googleapis.com/v2/projects/sports-arena-39a32/locations/europe-west2/operations/operation-1732726725821-627e7e0fc4320-539710db-d4c6e419 200
[debug] [2024-11-27T16:58:50.757Z] <<< [apiv2][body] GET https://cloudfunctions.googleapis.com/v2/projects/sports-arena-39a32/locations/europe-west2/operations/operation-1732726725821-627e7e0fc4320-539710db-d4c6e419 {"name":"projects/sports-arena-39a32/locations/europe-west2/operations/operation-1732726725821-627e7e0fc4320-539710db-d4c6e419","metadata":{"@type":"type.googleapis.com/google.cloud.functions.v2.OperationMetadata","createTime":"2024-11-27T16:58:46.402387804Z","target":"projects/sports-arena-39a32/locations/europe-west2/functions/currentUser","verb":"create","cancelRequested":false,"apiVersion":"v2","requestResource":{"@type":"type.googleapis.com/google.cloud.functions.v2.Function","name":"projects/sports-arena-39a32/locations/europe-west2/functions/currentUser","buildConfig":{"runtime":"nodejs20","entryPoint":"currentUser","source":{"storageSource":{"bucket":"gcf-v2-sources-824217457615-europe-west2","object":"currentUser/function-source.zip","generation":"1732726726078315"}},"environmentVariables":{"GOOGLE_NODE_RUN_SCRIPTS":""},"serviceAccount":"projects/sports-arena-39a32/serviceAccounts/824217457615-compute@developer.gserviceaccount.com","automaticUpdatePolicy":{}},"serviceConfig":{"service":"projects/sports-arena-39a32/locations/europe-west2/services/currentuser","timeoutSeconds":60,"environmentVariables":{"FIREBASE_CONFIG":"{\"projectId\":\"sports-arena-39a32\",\"storageBucket\":\"sports-arena-39a32.appspot.com\",\"locationId\":\"europe-west\"}","GCLOUD_PROJECT":"sports-arena-39a32","EVENTARC_CLOUD_EVENT_SOURCE":"projects/sports-arena-39a32/locations/europe-west2/services/currentUser","FUNCTION_TARGET":"currentUser","LOG_EXECUTION_ID":"true"},"ingressSettings":"ALLOW_ALL","serviceAccountEmail":"824217457615-compute@developer.gserviceaccount.com","availableMemory":"256Mi","maxInstanceRequestConcurrency":80,"availableCpu":"1"},"labels":{"deployment-tool":"cli-firebase","firebase-functions-hash":"fbe2d7e9e3193ce07fd7760b0be33bd7c156c983"},"environment":"GEN_2"},"stages":[{"name":"BUILD","message":"Build in progress","state":"IN_PROGRESS","resource":"projects/824217457615/locations/europe-west2/builds/1a952772-5416-4f07-961b-db7a33289664","resourceUri":"https://console.cloud.google.com/cloud-build/builds;region=europe-west2/1a952772-5416-4f07-961b-db7a33289664?project=824217457615"},{"name":"SERVICE","state":"NOT_STARTED"}],"operationType":"CREATE_FUNCTION","buildName":"projects/824217457615/locations/europe-west2/builds/1a952772-5416-4f07-961b-db7a33289664"},"done":false}
[debug] [2024-11-27T16:58:54.757Z] [create-default-europe-west2-currentUser] Retrying task index 0
[debug] [2024-11-27T16:58:54.757Z] Checked if tokens are valid: true, expires at: 1732728430856
[debug] [2024-11-27T16:58:54.757Z] Checked if tokens are valid: true, expires at: 1732728430856
[debug] [2024-11-27T16:58:54.757Z] >>> [apiv2][query] GET https://cloudfunctions.googleapis.com/v2/projects/sports-arena-39a32/locations/europe-west2/operations/operation-1732726725821-627e7e0fc4320-539710db-d4c6e419 [none]
[debug] [2024-11-27T16:58:54.850Z] <<< [apiv2][status] GET https://cloudfunctions.googleapis.com/v2/projects/sports-arena-39a32/locations/europe-west2/operations/operation-1732726725821-627e7e0fc4320-539710db-d4c6e419 200
[debug] [2024-11-27T16:58:54.850Z] <<< [apiv2][body] GET https://cloudfunctions.googleapis.com/v2/projects/sports-arena-39a32/locations/europe-west2/operations/operation-1732726725821-627e7e0fc4320-539710db-d4c6e419 {"name":"projects/sports-arena-39a32/locations/europe-west2/operations/operation-1732726725821-627e7e0fc4320-539710db-d4c6e419","metadata":{"@type":"type.googleapis.com/google.cloud.functions.v2.OperationMetadata","createTime":"2024-11-27T16:58:46.402387804Z","target":"projects/sports-arena-39a32/locations/europe-west2/functions/currentUser","verb":"create","cancelRequested":false,"apiVersion":"v2","requestResource":{"@type":"type.googleapis.com/google.cloud.functions.v2.Function","name":"projects/sports-arena-39a32/locations/europe-west2/functions/currentUser","buildConfig":{"runtime":"nodejs20","entryPoint":"currentUser","source":{"storageSource":{"bucket":"gcf-v2-sources-824217457615-europe-west2","object":"currentUser/function-source.zip","generation":"1732726726078315"}},"environmentVariables":{"GOOGLE_NODE_RUN_SCRIPTS":""},"serviceAccount":"projects/sports-arena-39a32/serviceAccounts/824217457615-compute@developer.gserviceaccount.com","automaticUpdatePolicy":{}},"serviceConfig":{"service":"projects/sports-arena-39a32/locations/europe-west2/services/currentuser","timeoutSeconds":60,"environmentVariables":{"FIREBASE_CONFIG":"{\"projectId\":\"sports-arena-39a32\",\"storageBucket\":\"sports-arena-39a32.appspot.com\",\"locationId\":\"europe-west\"}","GCLOUD_PROJECT":"sports-arena-39a32","EVENTARC_CLOUD_EVENT_SOURCE":"projects/sports-arena-39a32/locations/europe-west2/services/currentUser","FUNCTION_TARGET":"currentUser","LOG_EXECUTION_ID":"true"},"ingressSettings":"ALLOW_ALL","serviceAccountEmail":"824217457615-compute@developer.gserviceaccount.com","availableMemory":"256Mi","maxInstanceRequestConcurrency":80,"availableCpu":"1"},"labels":{"deployment-tool":"cli-firebase","firebase-functions-hash":"fbe2d7e9e3193ce07fd7760b0be33bd7c156c983"},"environment":"GEN_2"},"stages":[{"name":"BUILD","message":"Build in progress","state":"IN_PROGRESS","resource":"projects/824217457615/locations/europe-west2/builds/1a952772-5416-4f07-961b-db7a33289664","resourceUri":"https://console.cloud.google.com/cloud-build/builds;region=europe-west2/1a952772-5416-4f07-961b-db7a33289664?project=824217457615"},{"name":"SERVICE","state":"NOT_STARTED"}],"operationType":"CREATE_FUNCTION","buildName":"projects/824217457615/locations/europe-west2/builds/1a952772-5416-4f07-961b-db7a33289664"},"done":false}
[debug] [2024-11-27T16:59:02.851Z] [create-default-europe-west2-currentUser] Retrying task index 0
[debug] [2024-11-27T16:59:02.851Z] Checked if tokens are valid: true, expires at: 1732728430856
[debug] [2024-11-27T16:59:02.851Z] Checked if tokens are valid: true, expires at: 1732728430856
[debug] [2024-11-27T16:59:02.851Z] >>> [apiv2][query] GET https://cloudfunctions.googleapis.com/v2/projects/sports-arena-39a32/locations/europe-west2/operations/operation-1732726725821-627e7e0fc4320-539710db-d4c6e419 [none]
[debug] [2024-11-27T16:59:02.963Z] <<< [apiv2][status] GET https://cloudfunctions.googleapis.com/v2/projects/sports-arena-39a32/locations/europe-west2/operations/operation-1732726725821-627e7e0fc4320-539710db-d4c6e419 200
[debug] [2024-11-27T16:59:02.963Z] <<< [apiv2][body] GET https://cloudfunctions.googleapis.com/v2/projects/sports-arena-39a32/locations/europe-west2/operations/operation-1732726725821-627e7e0fc4320-539710db-d4c6e419 {"name":"projects/sports-arena-39a32/locations/europe-west2/operations/operation-1732726725821-627e7e0fc4320-539710db-d4c6e419","metadata":{"@type":"type.googleapis.com/google.cloud.functions.v2.OperationMetadata","createTime":"2024-11-27T16:58:46.402387804Z","target":"projects/sports-arena-39a32/locations/europe-west2/functions/currentUser","verb":"create","cancelRequested":false,"apiVersion":"v2","requestResource":{"@type":"type.googleapis.com/google.cloud.functions.v2.Function","name":"projects/sports-arena-39a32/locations/europe-west2/functions/currentUser","buildConfig":{"runtime":"nodejs20","entryPoint":"currentUser","source":{"storageSource":{"bucket":"gcf-v2-sources-824217457615-europe-west2","object":"currentUser/function-source.zip","generation":"1732726726078315"}},"environmentVariables":{"GOOGLE_NODE_RUN_SCRIPTS":""},"serviceAccount":"projects/sports-arena-39a32/serviceAccounts/824217457615-compute@developer.gserviceaccount.com","automaticUpdatePolicy":{}},"serviceConfig":{"service":"projects/sports-arena-39a32/locations/europe-west2/services/currentuser","timeoutSeconds":60,"environmentVariables":{"FIREBASE_CONFIG":"{\"projectId\":\"sports-arena-39a32\",\"storageBucket\":\"sports-arena-39a32.appspot.com\",\"locationId\":\"europe-west\"}","GCLOUD_PROJECT":"sports-arena-39a32","EVENTARC_CLOUD_EVENT_SOURCE":"projects/sports-arena-39a32/locations/europe-west2/services/currentUser","FUNCTION_TARGET":"currentUser","LOG_EXECUTION_ID":"true"},"ingressSettings":"ALLOW_ALL","serviceAccountEmail":"824217457615-compute@developer.gserviceaccount.com","availableMemory":"256Mi","maxInstanceRequestConcurrency":80,"availableCpu":"1"},"labels":{"deployment-tool":"cli-firebase","firebase-functions-hash":"fbe2d7e9e3193ce07fd7760b0be33bd7c156c983"},"environment":"GEN_2"},"stages":[{"name":"BUILD","message":"Build in progress","state":"IN_PROGRESS","resource":"projects/824217457615/locations/europe-west2/builds/1a952772-5416-4f07-961b-db7a33289664","resourceUri":"https://console.cloud.google.com/cloud-build/builds;region=europe-west2/1a952772-5416-4f07-961b-db7a33289664?project=824217457615"},{"name":"SERVICE","state":"NOT_STARTED"}],"operationType":"CREATE_FUNCTION","buildName":"projects/824217457615/locations/europe-west2/builds/1a952772-5416-4f07-961b-db7a33289664"},"done":false}
